2021-10-17 12:56:58,301:INFO:PyCaret Supervised Module
2021-10-17 12:56:58,302:INFO:ML Usecase: classification
2021-10-17 12:56:58,302:INFO:version 2.3.0
2021-10-17 12:56:58,302:INFO:Initializing setup()
2021-10-17 12:56:58,302:INFO:setup(target=target, ml_usecase=classification, available_plots={'parameter': 'Hyperparameters', 'auc': 'AUC', 'confusion_matrix': 'Confusion Matrix', 'threshold': 'Threshold', 'pr': 'Precision Recall', 'error': 'Prediction Error', 'class_report': 'Class Report', 'rfe': 'Feature Selection', 'learning': 'Learning Curve', 'manifold': 'Manifold Learning', 'calibration': 'Calibration Curve', 'vc': 'Validation Curve', 'dimension': 'Dimensions', 'feature': 'Feature Importance', 'feature_all': 'Feature Importance (All)', 'boundary': 'Decision Boundary', 'lift': 'Lift Chart', 'gain': 'Gain Chart', 'tree': 'Decision Tree'}, train_size=0.7, test_data=None, preprocess=True, imputation_type=simple, iterative_imputation_iters=5, categorical_features=None, categorical_imputation=constant, categorical_iterative_imputer=lightgbm, ordinal_features=None, high_cardinality_features=None, high_cardinality_method=frequency, numeric_features=None, numeric_imputation=mean, numeric_iterative_imputer=lightgbm, date_features=None, ignore_features=None, normalize=False, normalize_method=zscore, transformation=False, transformation_method=yeo-johnson, handle_unknown_categorical=True, unknown_categorical_method=least_frequent, pca=False, pca_method=linear, pca_components=None, ignore_low_variance=False, combine_rare_levels=False, rare_level_threshold=0.1, bin_numeric_features=None, remove_outliers=False, outliers_threshold=0.05, remove_multicollinearity=False, multicollinearity_threshold=0.9, remove_perfect_collinearity=True, create_clusters=False, cluster_iter=20, polynomial_features=False, polynomial_degree=2, trigonometry_features=False, polynomial_threshold=0.1, group_features=None, group_names=None, feature_selection=False, feature_selection_threshold=0.8, feature_selection_method=classic, feature_interaction=False, feature_ratio=False, interaction_threshold=0.01, fix_imbalance=False, fix_imbalance_method=None, transform_target=False, transform_target_method=box-cox, data_split_shuffle=True, data_split_stratify=False, fold_strategy=stratifiedkfold, fold=10, fold_shuffle=False, fold_groups=None, n_jobs=-1, use_gpu=False, custom_pipeline=None, html=True, session_id=None, log_experiment=False, experiment_name=None, log_plots=False, log_profile=False, log_data=False, silent=False, verbose=True, profile=False, profile_kwargs=None, display=None)
2021-10-17 12:56:58,302:INFO:Checking environment
2021-10-17 12:56:58,302:INFO:python_version: 3.7.7
2021-10-17 12:56:58,303:INFO:python_build: ('default', 'Mar 26 2020 10:32:53')
2021-10-17 12:56:58,303:INFO:machine: x86_64
2021-10-17 12:56:58,346:INFO:platform: Darwin-20.6.0-x86_64-i386-64bit
2021-10-17 12:56:58,348:WARNING:cannot find psutil installation. memory not traceable. Install psutil using pip to enable memory logging.
2021-10-17 12:56:58,348:INFO:Checking libraries
2021-10-17 12:56:58,349:INFO:pd==1.3.1
2021-10-17 12:56:58,349:INFO:numpy==1.20.3
2021-10-17 12:56:58,349:INFO:sklearn==0.24.2
2021-10-17 12:56:58,349:INFO:lightgbm==3.1.1
2021-10-17 12:56:58,349:WARNING:catboost not found
2021-10-17 12:56:58,819:INFO:xgboost==1.3.3
2021-10-17 12:56:59,182:INFO:mlflow==1.15.0
2021-10-17 12:56:59,183:INFO:Checking Exceptions
2021-10-17 12:56:59,183:INFO:Declaring global variables
2021-10-17 12:56:59,183:INFO:USI: 96c1
2021-10-17 12:56:59,183:INFO:pycaret_globals: {'_all_models_internal', 'master_model_container', 'log_plots_param', 'y_train', 'n_jobs_param', 'display_container', 'fold_generator', 'fold_groups_param', 'create_model_container', 'iterative_imputation_iters_param', 'fix_imbalance_method_param', 'y_test', '_gpu_n_jobs_param', 'fold_param', 'X', '_all_models', 'y', 'fold_shuffle_param', 'gpu_param', '_internal_pipeline', 'experiment__', 'imputation_classifier', 'fix_imbalance_param', 'stratify_param', 'transform_target_param', 'USI', 'X_test', 'data_before_preprocess', 'seed', 'target_param', 'exp_name_log', '_available_plots', 'logging_param', 'pycaret_globals', 'prep_pipe', 'transform_target_method_param', 'imputation_regressor', 'html_param', 'X_train', '_all_metrics', '_ml_usecase'}
2021-10-17 12:56:59,183:INFO:Preparing display monitor
2021-10-17 12:56:59,183:INFO:Preparing display monitor
2021-10-17 12:56:59,190:INFO:Importing libraries
2021-10-17 12:56:59,190:INFO:Copying data for preprocessing
2021-10-17 12:56:59,195:INFO:Declaring preprocessing parameters
2021-10-17 12:56:59,196:INFO:Creating preprocessing pipeline
2021-10-17 12:56:59,207:INFO:Preprocessing pipeline created successfully
2021-10-17 12:56:59,207:ERROR:(Process Exit): setup has been interupted with user command 'quit'. setup must rerun.
2021-10-17 12:56:59,207:INFO:Creating global containers
2021-10-17 12:56:59,208:INFO:Internal pipeline: Pipeline(memory=None, steps=[('empty_step', 'passthrough')], verbose=False)
2021-10-17 12:57:00,809:WARNING:Couldn't import catboost.CatBoostClassifier
2021-10-17 12:57:00,866:WARNING:Couldn't import catboost.CatBoostClassifier
2021-10-17 12:57:00,867:INFO:Creating grid variables
2021-10-17 12:57:00,875:INFO:create_model_container: 0
2021-10-17 12:57:00,875:INFO:master_model_container: 0
2021-10-17 12:57:00,876:INFO:display_container: 1
2021-10-17 12:59:17,198:INFO:PyCaret Supervised Module
2021-10-17 12:59:17,198:INFO:ML Usecase: classification
2021-10-17 12:59:17,199:INFO:version 2.3.0
2021-10-17 12:59:17,199:INFO:Initializing setup()
2021-10-17 12:59:17,199:INFO:setup(target=target, ml_usecase=classification, available_plots={'parameter': 'Hyperparameters', 'auc': 'AUC', 'confusion_matrix': 'Confusion Matrix', 'threshold': 'Threshold', 'pr': 'Precision Recall', 'error': 'Prediction Error', 'class_report': 'Class Report', 'rfe': 'Feature Selection', 'learning': 'Learning Curve', 'manifold': 'Manifold Learning', 'calibration': 'Calibration Curve', 'vc': 'Validation Curve', 'dimension': 'Dimensions', 'feature': 'Feature Importance', 'feature_all': 'Feature Importance (All)', 'boundary': 'Decision Boundary', 'lift': 'Lift Chart', 'gain': 'Gain Chart', 'tree': 'Decision Tree'}, train_size=0.7, test_data=None, preprocess=True, imputation_type=simple, iterative_imputation_iters=5, categorical_features=target, categorical_imputation=constant, categorical_iterative_imputer=lightgbm, ordinal_features=None, high_cardinality_features=None, high_cardinality_method=frequency, numeric_features=None, numeric_imputation=mean, numeric_iterative_imputer=lightgbm, date_features=None, ignore_features=None, normalize=False, normalize_method=zscore, transformation=False, transformation_method=yeo-johnson, handle_unknown_categorical=True, unknown_categorical_method=least_frequent, pca=False, pca_method=linear, pca_components=None, ignore_low_variance=False, combine_rare_levels=False, rare_level_threshold=0.1, bin_numeric_features=None, remove_outliers=False, outliers_threshold=0.05, remove_multicollinearity=False, multicollinearity_threshold=0.9, remove_perfect_collinearity=True, create_clusters=False, cluster_iter=20, polynomial_features=False, polynomial_degree=2, trigonometry_features=False, polynomial_threshold=0.1, group_features=None, group_names=None, feature_selection=False, feature_selection_threshold=0.8, feature_selection_method=classic, feature_interaction=False, feature_ratio=False, interaction_threshold=0.01, fix_imbalance=False, fix_imbalance_method=None, transform_target=False, transform_target_method=box-cox, data_split_shuffle=True, data_split_stratify=False, fold_strategy=stratifiedkfold, fold=10, fold_shuffle=False, fold_groups=None, n_jobs=-1, use_gpu=False, custom_pipeline=None, html=True, session_id=None, log_experiment=False, experiment_name=None, log_plots=False, log_profile=False, log_data=False, silent=False, verbose=True, profile=False, profile_kwargs=None, display=None)
2021-10-17 12:59:17,199:INFO:Checking environment
2021-10-17 12:59:17,199:INFO:python_version: 3.7.7
2021-10-17 12:59:17,200:INFO:python_build: ('default', 'Mar 26 2020 10:32:53')
2021-10-17 12:59:17,200:INFO:machine: x86_64
2021-10-17 12:59:17,200:INFO:platform: Darwin-20.6.0-x86_64-i386-64bit
2021-10-17 12:59:17,201:WARNING:cannot find psutil installation. memory not traceable. Install psutil using pip to enable memory logging.
2021-10-17 12:59:17,202:INFO:Checking libraries
2021-10-17 12:59:17,202:INFO:pd==1.3.1
2021-10-17 12:59:17,202:INFO:numpy==1.20.3
2021-10-17 12:59:17,202:INFO:sklearn==0.24.2
2021-10-17 12:59:17,202:INFO:lightgbm==3.1.1
2021-10-17 12:59:17,203:WARNING:catboost not found
2021-10-17 12:59:17,203:INFO:xgboost==1.3.3
2021-10-17 12:59:17,204:INFO:mlflow==1.15.0
2021-10-17 12:59:17,204:INFO:Checking Exceptions
2021-10-17 13:00:31,017:INFO:PyCaret Supervised Module
2021-10-17 13:00:31,018:INFO:ML Usecase: classification
2021-10-17 13:00:31,018:INFO:version 2.3.0
2021-10-17 13:00:31,018:INFO:Initializing setup()
2021-10-17 13:00:31,018:INFO:setup(target=target, ml_usecase=classification, available_plots={'parameter': 'Hyperparameters', 'auc': 'AUC', 'confusion_matrix': 'Confusion Matrix', 'threshold': 'Threshold', 'pr': 'Precision Recall', 'error': 'Prediction Error', 'class_report': 'Class Report', 'rfe': 'Feature Selection', 'learning': 'Learning Curve', 'manifold': 'Manifold Learning', 'calibration': 'Calibration Curve', 'vc': 'Validation Curve', 'dimension': 'Dimensions', 'feature': 'Feature Importance', 'feature_all': 'Feature Importance (All)', 'boundary': 'Decision Boundary', 'lift': 'Lift Chart', 'gain': 'Gain Chart', 'tree': 'Decision Tree'}, train_size=0.7, test_data=None, preprocess=True, imputation_type=iterative, iterative_imputation_iters=5, categorical_features=None, categorical_imputation=constant, categorical_iterative_imputer=lightgbm, ordinal_features=None, high_cardinality_features=None, high_cardinality_method=frequency, numeric_features=None, numeric_imputation=mean, numeric_iterative_imputer=lightgbm, date_features=None, ignore_features=None, normalize=False, normalize_method=zscore, transformation=False, transformation_method=yeo-johnson, handle_unknown_categorical=True, unknown_categorical_method=least_frequent, pca=False, pca_method=linear, pca_components=None, ignore_low_variance=False, combine_rare_levels=False, rare_level_threshold=0.1, bin_numeric_features=None, remove_outliers=False, outliers_threshold=0.05, remove_multicollinearity=False, multicollinearity_threshold=0.9, remove_perfect_collinearity=True, create_clusters=False, cluster_iter=20, polynomial_features=False, polynomial_degree=2, trigonometry_features=False, polynomial_threshold=0.1, group_features=None, group_names=None, feature_selection=False, feature_selection_threshold=0.8, feature_selection_method=classic, feature_interaction=False, feature_ratio=False, interaction_threshold=0.01, fix_imbalance=False, fix_imbalance_method=None, transform_target=False, transform_target_method=box-cox, data_split_shuffle=True, data_split_stratify=False, fold_strategy=stratifiedkfold, fold=10, fold_shuffle=False, fold_groups=None, n_jobs=-1, use_gpu=False, custom_pipeline=None, html=True, session_id=None, log_experiment=False, experiment_name=None, log_plots=False, log_profile=False, log_data=False, silent=False, verbose=True, profile=False, profile_kwargs=None, display=None)
2021-10-17 13:00:31,019:INFO:Checking environment
2021-10-17 13:00:31,019:INFO:python_version: 3.7.7
2021-10-17 13:00:31,019:INFO:python_build: ('default', 'Mar 26 2020 10:32:53')
2021-10-17 13:00:31,019:INFO:machine: x86_64
2021-10-17 13:00:31,019:INFO:platform: Darwin-20.6.0-x86_64-i386-64bit
2021-10-17 13:00:31,020:WARNING:cannot find psutil installation. memory not traceable. Install psutil using pip to enable memory logging.
2021-10-17 13:00:31,020:INFO:Checking libraries
2021-10-17 13:00:31,021:INFO:pd==1.3.1
2021-10-17 13:00:31,021:INFO:numpy==1.20.3
2021-10-17 13:00:31,021:INFO:sklearn==0.24.2
2021-10-17 13:00:31,021:INFO:lightgbm==3.1.1
2021-10-17 13:00:31,022:WARNING:catboost not found
2021-10-17 13:00:31,022:INFO:xgboost==1.3.3
2021-10-17 13:00:31,022:INFO:mlflow==1.15.0
2021-10-17 13:00:31,022:INFO:Checking Exceptions
2021-10-17 13:00:31,023:INFO:Declaring global variables
2021-10-17 13:00:31,023:INFO:USI: f709
2021-10-17 13:00:31,023:INFO:pycaret_globals: {'_all_models_internal', 'master_model_container', 'log_plots_param', 'y_train', 'n_jobs_param', 'display_container', 'fold_generator', 'fold_groups_param', 'create_model_container', 'iterative_imputation_iters_param', 'fix_imbalance_method_param', 'y_test', '_gpu_n_jobs_param', 'fold_param', 'X', '_all_models', 'y', 'fold_shuffle_param', 'gpu_param', '_internal_pipeline', 'experiment__', 'imputation_classifier', 'fix_imbalance_param', 'stratify_param', 'transform_target_param', 'USI', 'X_test', 'data_before_preprocess', 'seed', 'target_param', 'exp_name_log', '_available_plots', 'logging_param', 'pycaret_globals', 'prep_pipe', 'transform_target_method_param', 'imputation_regressor', 'html_param', 'X_train', '_all_metrics', '_ml_usecase'}
2021-10-17 13:00:31,023:INFO:Preparing display monitor
2021-10-17 13:00:31,023:INFO:Preparing display monitor
2021-10-17 13:00:31,038:INFO:Importing libraries
2021-10-17 13:00:31,038:INFO:Copying data for preprocessing
2021-10-17 13:00:31,045:INFO:Declaring preprocessing parameters
2021-10-17 13:00:31,046:INFO:Setting up iterative imputation
2021-10-17 13:00:31,106:WARNING:Couldn't import catboost.CatBoostClassifier
2021-10-17 13:00:31,186:WARNING:Couldn't import catboost.CatBoostRegressor
2021-10-17 13:00:31,186:INFO:Creating preprocessing pipeline
2021-10-17 13:00:31,195:INFO:Preprocessing pipeline created successfully
2021-10-17 13:00:31,195:ERROR:(Process Exit): setup has been interupted with user command 'quit'. setup must rerun.
2021-10-17 13:00:31,195:INFO:Creating global containers
2021-10-17 13:00:31,195:INFO:Internal pipeline: Pipeline(memory=None, steps=[('empty_step', 'passthrough')], verbose=False)
2021-10-17 13:00:32,656:WARNING:Couldn't import catboost.CatBoostClassifier
2021-10-17 13:00:32,720:WARNING:Couldn't import catboost.CatBoostClassifier
2021-10-17 13:00:32,720:INFO:Creating grid variables
2021-10-17 13:00:32,727:INFO:create_model_container: 0
2021-10-17 13:00:32,727:INFO:master_model_container: 0
2021-10-17 13:00:32,727:INFO:display_container: 1
2021-10-20 17:28:47,669:INFO:PyCaret Supervised Module
2021-10-20 17:28:47,669:INFO:ML Usecase: classification
2021-10-20 17:28:47,669:INFO:version 2.3.4
2021-10-20 17:28:47,669:INFO:Initializing setup()
2021-10-20 17:28:47,669:INFO:setup(target=target, ml_usecase=classification, available_plots={'parameter': 'Hyperparameters', 'auc': 'AUC', 'confusion_matrix': 'Confusion Matrix', 'threshold': 'Threshold', 'pr': 'Precision Recall', 'error': 'Prediction Error', 'class_report': 'Class Report', 'rfe': 'Feature Selection', 'learning': 'Learning Curve', 'manifold': 'Manifold Learning', 'calibration': 'Calibration Curve', 'vc': 'Validation Curve', 'dimension': 'Dimensions', 'feature': 'Feature Importance', 'feature_all': 'Feature Importance (All)', 'boundary': 'Decision Boundary', 'lift': 'Lift Chart', 'gain': 'Gain Chart', 'tree': 'Decision Tree', 'ks': 'KS Statistic Plot'}, train_size=0.7, test_data=None, preprocess=True, imputation_type=simple, iterative_imputation_iters=5, categorical_features=None, categorical_imputation=constant, categorical_iterative_imputer=lightgbm, ordinal_features=None, high_cardinality_features=None, high_cardinality_method=frequency, numeric_features=None, numeric_imputation=mean, numeric_iterative_imputer=lightgbm, date_features=None, ignore_features=None, normalize=False, normalize_method=zscore, transformation=False, transformation_method=yeo-johnson, handle_unknown_categorical=True, unknown_categorical_method=least_frequent, pca=False, pca_method=linear, pca_components=None, ignore_low_variance=False, combine_rare_levels=False, rare_level_threshold=0.1, bin_numeric_features=None, remove_outliers=False, outliers_threshold=0.05, remove_multicollinearity=False, multicollinearity_threshold=0.9, remove_perfect_collinearity=True, create_clusters=False, cluster_iter=20, polynomial_features=False, polynomial_degree=2, trigonometry_features=False, polynomial_threshold=0.1, group_features=None, group_names=None, feature_selection=False, feature_selection_threshold=0.8, feature_selection_method=classic, feature_interaction=False, feature_ratio=False, interaction_threshold=0.01, fix_imbalance=False, fix_imbalance_method=None, transform_target=False, transform_target_method=box-cox, data_split_shuffle=True, data_split_stratify=False, fold_strategy=stratifiedkfold, fold=10, fold_shuffle=False, fold_groups=None, n_jobs=-1, use_gpu=False, custom_pipeline=None, html=True, session_id=None, log_experiment=False, experiment_name=None, log_plots=False, log_profile=False, log_data=False, silent=False, verbose=True, profile=False, profile_kwargs=None, display=None)
2021-10-20 17:28:47,669:INFO:Checking environment
2021-10-20 17:28:47,669:INFO:python_version: 3.8.12
2021-10-20 17:28:47,669:INFO:python_build: ('default', 'Oct 12 2021 03:01:40')
2021-10-20 17:28:47,669:INFO:machine: AMD64
2021-10-20 17:28:47,669:INFO:platform: Windows-10-10.0.19042-SP0
2021-10-20 17:28:47,671:WARNING:cannot find psutil installation. memory not traceable. Install psutil using pip to enable memory logging.
2021-10-20 17:28:47,671:INFO:Checking libraries
2021-10-20 17:28:47,671:INFO:pd==1.3.3
2021-10-20 17:28:47,671:INFO:numpy==1.19.5
2021-10-20 17:28:47,671:INFO:sklearn==0.23.2
2021-10-20 17:28:47,671:INFO:lightgbm==3.3.0
2021-10-20 17:28:47,672:WARNING:catboost not found
2021-10-20 17:28:47,674:WARNING:xgboost not found
2021-10-20 17:28:48,455:INFO:mlflow==1.20.2
2021-10-20 17:28:48,455:INFO:Checking Exceptions
2021-10-20 17:28:48,455:INFO:Declaring global variables
2021-10-20 17:28:48,455:INFO:USI: 13b5
2021-10-20 17:28:48,455:INFO:pycaret_globals: {'_ml_usecase', 'fold_param', '_internal_pipeline', 'log_plots_param', 'display_container', 'experiment__', '_all_models', 'imputation_classifier', 'X_test', 'html_param', 'y', 'fold_groups_param', 'master_model_container', 'X', 'fold_shuffle_param', 'y_test', 'gpu_param', 'transform_target_method_param', 'fix_imbalance_method_param', 'logging_param', 'fold_generator', 'stratify_param', 'data_before_preprocess', 'fix_imbalance_param', 'X_train', 'fold_groups_param_full', '_all_metrics', 'n_jobs_param', 'create_model_container', 'seed', 'USI', 'prep_pipe', '_gpu_n_jobs_param', 'iterative_imputation_iters_param', '_all_models_internal', '_available_plots', 'pycaret_globals', 'exp_name_log', 'y_train', 'imputation_regressor', 'target_param', 'transform_target_param'}
2021-10-20 17:28:48,455:INFO:Preparing display monitor
2021-10-20 17:28:48,456:INFO:Preparing display monitor
2021-10-20 17:28:48,465:INFO:Importing libraries
2021-10-20 17:28:48,466:INFO:Copying data for preprocessing
2021-10-20 17:28:48,472:INFO:Declaring preprocessing parameters
2021-10-20 17:28:48,473:INFO:Creating preprocessing pipeline
2021-10-20 17:28:48,490:INFO:Preprocessing pipeline created successfully
2021-10-20 17:28:48,491:ERROR:(Process Exit): setup has been interupted with user command 'quit'. setup must rerun.
2021-10-20 17:28:48,491:INFO:Creating global containers
2021-10-20 17:28:48,491:INFO:Internal pipeline: Pipeline(memory=None, steps=[('empty_step', 'passthrough')], verbose=False)
2021-10-20 17:28:50,114:WARNING:Couldn't import xgboost.XGBClassifier
2021-10-20 17:28:50,115:WARNING:Couldn't import catboost.CatBoostClassifier
2021-10-20 17:28:50,187:WARNING:Couldn't import xgboost.XGBClassifier
2021-10-20 17:28:50,189:WARNING:Couldn't import catboost.CatBoostClassifier
2021-10-20 17:28:50,189:INFO:Creating grid variables
2021-10-20 17:28:50,200:INFO:create_model_container: 0
2021-10-20 17:28:50,201:INFO:master_model_container: 0
2021-10-20 17:28:50,201:INFO:display_container: 1
2021-10-20 17:28:50,204:INFO:Pipeline(memory=None,
         steps=[('dtypes',
                 DataTypes_Auto_infer(categorical_features=[],
                                      display_types=True, features_todrop=[],
                                      id_columns=[],
                                      ml_usecase='classification',
                                      numerical_features=[], target='target',
                                      time_features=[])),
                ('imputer',
                 Simple_Imputer(categorical_strategy='not_available',
                                fill_value_categorical=None,
                                fill_value_numerical=None,
                                numeric_strat...
                ('scaling', 'passthrough'), ('P_transform', 'passthrough'),
                ('binn', 'passthrough'), ('rem_outliers', 'passthrough'),
                ('cluster_all', 'passthrough'),
                ('dummy', Dummify(target='target')),
                ('fix_perfect', Remove_100(target='target')),
                ('clean_names', Clean_Colum_Names()),
                ('feature_select', 'passthrough'), ('fix_multi', 'passthrough'),
                ('dfs', 'passthrough'), ('pca', 'passthrough')],
         verbose=False)
2021-10-20 17:28:50,204:INFO:setup() succesfully completed......................................
2021-10-20 17:29:00,603:INFO:Initializing compare_models()
2021-10-20 17:29:00,604:INFO:compare_models(include=None, fold=None, round=4, cross_validation=True, sort=Accuracy, n_select=1, budget_time=None, turbo=True, errors=ignore, fit_kwargs=None, groups=None, verbose=True, display=None, exclude=None)
2021-10-20 17:29:00,604:INFO:Checking exceptions
2021-10-20 17:29:00,604:INFO:Preparing display monitor
2021-10-20 17:29:00,605:INFO:Preparing display monitor
2021-10-20 17:29:00,626:INFO:Initializing Logistic Regression
2021-10-20 17:29:00,626:INFO:Total runtime is 0.0 minutes
2021-10-20 17:29:00,639:INFO:SubProcess create_model() called ==================================
2021-10-20 17:29:00,639:INFO:Initializing create_model()
2021-10-20 17:29:00,639:INFO:create_model(estimator=lr, fold=StratifiedKFold(n_splits=10, random_state=None, shuffle=False), round=4, cross_validation=True, predict=True, fit_kwargs={}, groups=None, refit=False, verbose=False, system=False, metrics=None, add_to_model_list=True, display=<pycaret.internal.Display.Display object at 0x000001908479E730>, kwargs={})
2021-10-20 17:29:00,640:INFO:Checking exceptions
2021-10-20 17:29:00,640:INFO:Importing libraries
2021-10-20 17:29:00,640:INFO:Copying training dataset
2021-10-20 17:29:00,641:INFO:Defining folds
2021-10-20 17:29:00,641:INFO:Declaring metric variables
2021-10-20 17:29:00,649:INFO:Importing untrained model
2021-10-20 17:29:00,658:INFO:Logistic Regression Imported succesfully
2021-10-20 17:29:00,672:INFO:Starting cross validation
2021-10-20 17:29:00,672:INFO:Cross validating with StratifiedKFold(n_splits=10, random_state=None, shuffle=False), n_jobs=-1
2021-10-20 17:29:05,830:INFO:Calculating mean and std
2021-10-20 17:29:05,832:INFO:Creating metrics dataframe
2021-10-20 17:29:05,839:INFO:Uploading results into container
2021-10-20 17:29:05,840:INFO:Uploading model into container now
2021-10-20 17:29:05,840:INFO:create_model_container: 1
2021-10-20 17:29:05,840:INFO:master_model_container: 1
2021-10-20 17:29:05,840:INFO:display_container: 2
2021-10-20 17:29:05,841:INFO:LogisticRegression(C=1.0, class_weight=None, dual=False, fit_intercept=True,
                   intercept_scaling=1, l1_ratio=None, max_iter=1000,
                   multi_class='auto', n_jobs=None, penalty='l2',
                   random_state=1621, solver='lbfgs', tol=0.0001, verbose=0,
                   warm_start=False)
2021-10-20 17:29:05,841:INFO:create_model() succesfully completed......................................
2021-10-20 17:29:05,991:INFO:SubProcess create_model() end ==================================
2021-10-20 17:29:05,991:INFO:Creating metrics dataframe
2021-10-20 17:29:06,005:INFO:Initializing K Neighbors Classifier
2021-10-20 17:29:06,005:INFO:Total runtime is 0.08966028292973836 minutes
2021-10-20 17:29:06,012:INFO:SubProcess create_model() called ==================================
2021-10-20 17:29:06,013:INFO:Initializing create_model()
2021-10-20 17:29:06,013:INFO:create_model(estimator=knn, fold=StratifiedKFold(n_splits=10, random_state=None, shuffle=False), round=4, cross_validation=True, predict=True, fit_kwargs={}, groups=None, refit=False, verbose=False, system=False, metrics=None, add_to_model_list=True, display=<pycaret.internal.Display.Display object at 0x000001908479E730>, kwargs={})
2021-10-20 17:29:06,013:INFO:Checking exceptions
2021-10-20 17:29:06,013:INFO:Importing libraries
2021-10-20 17:29:06,013:INFO:Copying training dataset
2021-10-20 17:29:06,014:INFO:Defining folds
2021-10-20 17:29:06,014:INFO:Declaring metric variables
2021-10-20 17:29:06,020:INFO:Importing untrained model
2021-10-20 17:29:06,026:INFO:K Neighbors Classifier Imported succesfully
2021-10-20 17:29:06,040:INFO:Starting cross validation
2021-10-20 17:29:06,040:INFO:Cross validating with StratifiedKFold(n_splits=10, random_state=None, shuffle=False), n_jobs=-1
2021-10-20 17:29:08,342:INFO:Calculating mean and std
2021-10-20 17:29:08,343:INFO:Creating metrics dataframe
2021-10-20 17:29:08,347:INFO:Uploading results into container
2021-10-20 17:29:08,347:INFO:Uploading model into container now
2021-10-20 17:29:08,347:INFO:create_model_container: 2
2021-10-20 17:29:08,347:INFO:master_model_container: 2
2021-10-20 17:29:08,347:INFO:display_container: 2
2021-10-20 17:29:08,348:INFO:KNeighborsClassifier(algorithm='auto', leaf_size=30, metric='minkowski',
                     metric_params=None, n_jobs=-1, n_neighbors=5, p=2,
                     weights='uniform')
2021-10-20 17:29:08,348:INFO:create_model() succesfully completed......................................
2021-10-20 17:29:08,460:INFO:SubProcess create_model() end ==================================
2021-10-20 17:29:08,460:INFO:Creating metrics dataframe
2021-10-20 17:29:08,474:INFO:Initializing Naive Bayes
2021-10-20 17:29:08,474:INFO:Total runtime is 0.13079607089360556 minutes
2021-10-20 17:29:08,481:INFO:SubProcess create_model() called ==================================
2021-10-20 17:29:08,481:INFO:Initializing create_model()
2021-10-20 17:29:08,481:INFO:create_model(estimator=nb, fold=StratifiedKFold(n_splits=10, random_state=None, shuffle=False), round=4, cross_validation=True, predict=True, fit_kwargs={}, groups=None, refit=False, verbose=False, system=False, metrics=None, add_to_model_list=True, display=<pycaret.internal.Display.Display object at 0x000001908479E730>, kwargs={})
2021-10-20 17:29:08,481:INFO:Checking exceptions
2021-10-20 17:29:08,481:INFO:Importing libraries
2021-10-20 17:29:08,482:INFO:Copying training dataset
2021-10-20 17:29:08,482:INFO:Defining folds
2021-10-20 17:29:08,482:INFO:Declaring metric variables
2021-10-20 17:29:08,489:INFO:Importing untrained model
2021-10-20 17:29:08,496:INFO:Naive Bayes Imported succesfully
2021-10-20 17:29:08,511:INFO:Starting cross validation
2021-10-20 17:29:08,511:INFO:Cross validating with StratifiedKFold(n_splits=10, random_state=None, shuffle=False), n_jobs=-1
2021-10-20 17:29:08,554:INFO:Calculating mean and std
2021-10-20 17:29:08,556:INFO:Creating metrics dataframe
2021-10-20 17:29:08,563:INFO:Uploading results into container
2021-10-20 17:29:08,564:INFO:Uploading model into container now
2021-10-20 17:29:08,564:INFO:create_model_container: 3
2021-10-20 17:29:08,564:INFO:master_model_container: 3
2021-10-20 17:29:08,564:INFO:display_container: 2
2021-10-20 17:29:08,565:INFO:GaussianNB(priors=None, var_smoothing=1e-09)
2021-10-20 17:29:08,565:INFO:create_model() succesfully completed......................................
2021-10-20 17:29:08,781:INFO:SubProcess create_model() end ==================================
2021-10-20 17:29:08,781:INFO:Creating metrics dataframe
2021-10-20 17:29:08,795:INFO:Initializing Decision Tree Classifier
2021-10-20 17:29:08,795:INFO:Total runtime is 0.13614927530288698 minutes
2021-10-20 17:29:08,803:INFO:SubProcess create_model() called ==================================
2021-10-20 17:29:08,804:INFO:Initializing create_model()
2021-10-20 17:29:08,804:INFO:create_model(estimator=dt, fold=StratifiedKFold(n_splits=10, random_state=None, shuffle=False), round=4, cross_validation=True, predict=True, fit_kwargs={}, groups=None, refit=False, verbose=False, system=False, metrics=None, add_to_model_list=True, display=<pycaret.internal.Display.Display object at 0x000001908479E730>, kwargs={})
2021-10-20 17:29:08,804:INFO:Checking exceptions
2021-10-20 17:29:08,804:INFO:Importing libraries
2021-10-20 17:29:08,804:INFO:Copying training dataset
2021-10-20 17:29:08,805:INFO:Defining folds
2021-10-20 17:29:08,805:INFO:Declaring metric variables
2021-10-20 17:29:08,813:INFO:Importing untrained model
2021-10-20 17:29:08,821:INFO:Decision Tree Classifier Imported succesfully
2021-10-20 17:29:08,835:INFO:Starting cross validation
2021-10-20 17:29:08,835:INFO:Cross validating with StratifiedKFold(n_splits=10, random_state=None, shuffle=False), n_jobs=-1
2021-10-20 17:29:08,906:INFO:Calculating mean and std
2021-10-20 17:29:08,907:INFO:Creating metrics dataframe
2021-10-20 17:29:08,910:INFO:Uploading results into container
2021-10-20 17:29:08,910:INFO:Uploading model into container now
2021-10-20 17:29:08,910:INFO:create_model_container: 4
2021-10-20 17:29:08,910:INFO:master_model_container: 4
2021-10-20 17:29:08,910:INFO:display_container: 2
2021-10-20 17:29:08,910:INFO:DecisionTreeClassifier(ccp_alpha=0.0, class_weight=None, criterion='gini',
                       max_depth=None, max_features=None, max_leaf_nodes=None,
                       min_impurity_decrease=0.0, min_impurity_split=None,
                       min_samples_leaf=1, min_samples_split=2,
                       min_weight_fraction_leaf=0.0, presort='deprecated',
                       random_state=1621, splitter='best')
2021-10-20 17:29:08,910:INFO:create_model() succesfully completed......................................
2021-10-20 17:29:09,002:INFO:SubProcess create_model() end ==================================
2021-10-20 17:29:09,002:INFO:Creating metrics dataframe
2021-10-20 17:29:09,017:INFO:Initializing SVM - Linear Kernel
2021-10-20 17:29:09,017:INFO:Total runtime is 0.1398565212885539 minutes
2021-10-20 17:29:09,023:INFO:SubProcess create_model() called ==================================
2021-10-20 17:29:09,023:INFO:Initializing create_model()
2021-10-20 17:29:09,023:INFO:create_model(estimator=svm, fold=StratifiedKFold(n_splits=10, random_state=None, shuffle=False), round=4, cross_validation=True, predict=True, fit_kwargs={}, groups=None, refit=False, verbose=False, system=False, metrics=None, add_to_model_list=True, display=<pycaret.internal.Display.Display object at 0x000001908479E730>, kwargs={})
2021-10-20 17:29:09,023:INFO:Checking exceptions
2021-10-20 17:29:09,024:INFO:Importing libraries
2021-10-20 17:29:09,024:INFO:Copying training dataset
2021-10-20 17:29:09,024:INFO:Defining folds
2021-10-20 17:29:09,024:INFO:Declaring metric variables
2021-10-20 17:29:09,032:INFO:Importing untrained model
2021-10-20 17:29:09,038:INFO:SVM - Linear Kernel Imported succesfully
2021-10-20 17:29:09,053:INFO:Starting cross validation
2021-10-20 17:29:09,053:INFO:Cross validating with StratifiedKFold(n_splits=10, random_state=None, shuffle=False), n_jobs=-1
2021-10-20 17:29:09,109:INFO:Calculating mean and std
2021-10-20 17:29:09,109:INFO:Creating metrics dataframe
2021-10-20 17:29:09,113:INFO:Uploading results into container
2021-10-20 17:29:09,113:INFO:Uploading model into container now
2021-10-20 17:29:09,113:INFO:create_model_container: 5
2021-10-20 17:29:09,113:INFO:master_model_container: 5
2021-10-20 17:29:09,113:INFO:display_container: 2
2021-10-20 17:29:09,114:INFO:SGDClassifier(alpha=0.0001, average=False, class_weight=None,
              early_stopping=False, epsilon=0.1, eta0=0.001, fit_intercept=True,
              l1_ratio=0.15, learning_rate='optimal', loss='hinge',
              max_iter=1000, n_iter_no_change=5, n_jobs=-1, penalty='l2',
              power_t=0.5, random_state=1621, shuffle=True, tol=0.001,
              validation_fraction=0.1, verbose=0, warm_start=False)
2021-10-20 17:29:09,114:INFO:create_model() succesfully completed......................................
2021-10-20 17:29:09,208:INFO:SubProcess create_model() end ==================================
2021-10-20 17:29:09,208:INFO:Creating metrics dataframe
2021-10-20 17:29:09,223:INFO:Initializing Ridge Classifier
2021-10-20 17:29:09,223:INFO:Total runtime is 0.14328840176264446 minutes
2021-10-20 17:29:09,230:INFO:SubProcess create_model() called ==================================
2021-10-20 17:29:09,231:INFO:Initializing create_model()
2021-10-20 17:29:09,231:INFO:create_model(estimator=ridge, fold=StratifiedKFold(n_splits=10, random_state=None, shuffle=False), round=4, cross_validation=True, predict=True, fit_kwargs={}, groups=None, refit=False, verbose=False, system=False, metrics=None, add_to_model_list=True, display=<pycaret.internal.Display.Display object at 0x000001908479E730>, kwargs={})
2021-10-20 17:29:09,231:INFO:Checking exceptions
2021-10-20 17:29:09,231:INFO:Importing libraries
2021-10-20 17:29:09,231:INFO:Copying training dataset
2021-10-20 17:29:09,232:INFO:Defining folds
2021-10-20 17:29:09,232:INFO:Declaring metric variables
2021-10-20 17:29:09,240:INFO:Importing untrained model
2021-10-20 17:29:09,248:INFO:Ridge Classifier Imported succesfully
2021-10-20 17:29:09,262:INFO:Starting cross validation
2021-10-20 17:29:09,263:INFO:Cross validating with StratifiedKFold(n_splits=10, random_state=None, shuffle=False), n_jobs=-1
2021-10-20 17:29:09,306:INFO:Calculating mean and std
2021-10-20 17:29:09,307:INFO:Creating metrics dataframe
2021-10-20 17:29:09,310:INFO:Uploading results into container
2021-10-20 17:29:09,310:INFO:Uploading model into container now
2021-10-20 17:29:09,311:INFO:create_model_container: 6
2021-10-20 17:29:09,311:INFO:master_model_container: 6
2021-10-20 17:29:09,311:INFO:display_container: 2
2021-10-20 17:29:09,311:INFO:RidgeClassifier(alpha=1.0, class_weight=None, copy_X=True, fit_intercept=True,
                max_iter=None, normalize=False, random_state=1621,
                solver='auto', tol=0.001)
2021-10-20 17:29:09,311:INFO:create_model() succesfully completed......................................
2021-10-20 17:29:09,408:INFO:SubProcess create_model() end ==================================
2021-10-20 17:29:09,408:INFO:Creating metrics dataframe
2021-10-20 17:29:09,423:INFO:Initializing Random Forest Classifier
2021-10-20 17:29:09,423:INFO:Total runtime is 0.1466133197148641 minutes
2021-10-20 17:29:09,430:INFO:SubProcess create_model() called ==================================
2021-10-20 17:29:09,430:INFO:Initializing create_model()
2021-10-20 17:29:09,430:INFO:create_model(estimator=rf, fold=StratifiedKFold(n_splits=10, random_state=None, shuffle=False), round=4, cross_validation=True, predict=True, fit_kwargs={}, groups=None, refit=False, verbose=False, system=False, metrics=None, add_to_model_list=True, display=<pycaret.internal.Display.Display object at 0x000001908479E730>, kwargs={})
2021-10-20 17:29:09,431:INFO:Checking exceptions
2021-10-20 17:29:09,431:INFO:Importing libraries
2021-10-20 17:29:09,431:INFO:Copying training dataset
2021-10-20 17:29:09,431:INFO:Defining folds
2021-10-20 17:29:09,432:INFO:Declaring metric variables
2021-10-20 17:29:09,439:INFO:Importing untrained model
2021-10-20 17:29:09,446:INFO:Random Forest Classifier Imported succesfully
2021-10-20 17:29:09,460:INFO:Starting cross validation
2021-10-20 17:29:09,461:INFO:Cross validating with StratifiedKFold(n_splits=10, random_state=None, shuffle=False), n_jobs=-1
2021-10-20 17:29:10,098:INFO:Calculating mean and std
2021-10-20 17:29:10,100:INFO:Creating metrics dataframe
2021-10-20 17:29:10,107:INFO:Uploading results into container
2021-10-20 17:29:10,108:INFO:Uploading model into container now
2021-10-20 17:29:10,108:INFO:create_model_container: 7
2021-10-20 17:29:10,109:INFO:master_model_container: 7
2021-10-20 17:29:10,109:INFO:display_container: 2
2021-10-20 17:29:10,109:INFO:RandomForestClassifier(bootstrap=True, ccp_alpha=0.0, class_weight=None,
                       criterion='gini', max_depth=None, max_features='auto',
                       max_leaf_nodes=None, max_samples=None,
                       min_impurity_decrease=0.0, min_impurity_split=None,
                       min_samples_leaf=1, min_samples_split=2,
                       min_weight_fraction_leaf=0.0, n_estimators=100,
                       n_jobs=-1, oob_score=False, random_state=1621, verbose=0,
                       warm_start=False)
2021-10-20 17:29:10,109:INFO:create_model() succesfully completed......................................
2021-10-20 17:29:10,256:INFO:SubProcess create_model() end ==================================
2021-10-20 17:29:10,256:INFO:Creating metrics dataframe
2021-10-20 17:29:10,272:INFO:Initializing Quadratic Discriminant Analysis
2021-10-20 17:29:10,272:INFO:Total runtime is 0.16077537933985392 minutes
2021-10-20 17:29:10,278:INFO:SubProcess create_model() called ==================================
2021-10-20 17:29:10,279:INFO:Initializing create_model()
2021-10-20 17:29:10,279:INFO:create_model(estimator=qda, fold=StratifiedKFold(n_splits=10, random_state=None, shuffle=False), round=4, cross_validation=True, predict=True, fit_kwargs={}, groups=None, refit=False, verbose=False, system=False, metrics=None, add_to_model_list=True, display=<pycaret.internal.Display.Display object at 0x000001908479E730>, kwargs={})
2021-10-20 17:29:10,279:INFO:Checking exceptions
2021-10-20 17:29:10,279:INFO:Importing libraries
2021-10-20 17:29:10,279:INFO:Copying training dataset
2021-10-20 17:29:10,280:INFO:Defining folds
2021-10-20 17:29:10,280:INFO:Declaring metric variables
2021-10-20 17:29:10,286:INFO:Importing untrained model
2021-10-20 17:29:10,295:INFO:Quadratic Discriminant Analysis Imported succesfully
2021-10-20 17:29:10,309:INFO:Starting cross validation
2021-10-20 17:29:10,309:INFO:Cross validating with StratifiedKFold(n_splits=10, random_state=None, shuffle=False), n_jobs=-1
2021-10-20 17:29:10,365:INFO:Calculating mean and std
2021-10-20 17:29:10,366:INFO:Creating metrics dataframe
2021-10-20 17:29:10,369:INFO:Uploading results into container
2021-10-20 17:29:10,369:INFO:Uploading model into container now
2021-10-20 17:29:10,369:INFO:create_model_container: 8
2021-10-20 17:29:10,369:INFO:master_model_container: 8
2021-10-20 17:29:10,369:INFO:display_container: 2
2021-10-20 17:29:10,370:INFO:QuadraticDiscriminantAnalysis(priors=None, reg_param=0.0,
                              store_covariance=False, tol=0.0001)
2021-10-20 17:29:10,370:INFO:create_model() succesfully completed......................................
2021-10-20 17:29:10,479:INFO:SubProcess create_model() end ==================================
2021-10-20 17:29:10,479:INFO:Creating metrics dataframe
2021-10-20 17:29:10,495:INFO:Initializing Ada Boost Classifier
2021-10-20 17:29:10,495:INFO:Total runtime is 0.1644817590713501 minutes
2021-10-20 17:29:10,503:INFO:SubProcess create_model() called ==================================
2021-10-20 17:29:10,503:INFO:Initializing create_model()
2021-10-20 17:29:10,503:INFO:create_model(estimator=ada, fold=StratifiedKFold(n_splits=10, random_state=None, shuffle=False), round=4, cross_validation=True, predict=True, fit_kwargs={}, groups=None, refit=False, verbose=False, system=False, metrics=None, add_to_model_list=True, display=<pycaret.internal.Display.Display object at 0x000001908479E730>, kwargs={})
2021-10-20 17:29:10,503:INFO:Checking exceptions
2021-10-20 17:29:10,503:INFO:Importing libraries
2021-10-20 17:29:10,503:INFO:Copying training dataset
2021-10-20 17:29:10,504:INFO:Defining folds
2021-10-20 17:29:10,504:INFO:Declaring metric variables
2021-10-20 17:29:10,510:INFO:Importing untrained model
2021-10-20 17:29:10,517:INFO:Ada Boost Classifier Imported succesfully
2021-10-20 17:29:10,532:INFO:Starting cross validation
2021-10-20 17:29:10,532:INFO:Cross validating with StratifiedKFold(n_splits=10, random_state=None, shuffle=False), n_jobs=-1
2021-10-20 17:29:10,973:INFO:Calculating mean and std
2021-10-20 17:29:10,974:INFO:Creating metrics dataframe
2021-10-20 17:29:10,978:INFO:Uploading results into container
2021-10-20 17:29:10,978:INFO:Uploading model into container now
2021-10-20 17:29:10,978:INFO:create_model_container: 9
2021-10-20 17:29:10,978:INFO:master_model_container: 9
2021-10-20 17:29:10,978:INFO:display_container: 2
2021-10-20 17:29:10,978:INFO:AdaBoostClassifier(algorithm='SAMME.R', base_estimator=None, learning_rate=1.0,
                   n_estimators=50, random_state=1621)
2021-10-20 17:29:10,978:INFO:create_model() succesfully completed......................................
2021-10-20 17:29:11,071:INFO:SubProcess create_model() end ==================================
2021-10-20 17:29:11,071:INFO:Creating metrics dataframe
2021-10-20 17:29:11,086:INFO:Initializing Gradient Boosting Classifier
2021-10-20 17:29:11,086:INFO:Total runtime is 0.17433918317159017 minutes
2021-10-20 17:29:11,093:INFO:SubProcess create_model() called ==================================
2021-10-20 17:29:11,093:INFO:Initializing create_model()
2021-10-20 17:29:11,093:INFO:create_model(estimator=gbc, fold=StratifiedKFold(n_splits=10, random_state=None, shuffle=False), round=4, cross_validation=True, predict=True, fit_kwargs={}, groups=None, refit=False, verbose=False, system=False, metrics=None, add_to_model_list=True, display=<pycaret.internal.Display.Display object at 0x000001908479E730>, kwargs={})
2021-10-20 17:29:11,093:INFO:Checking exceptions
2021-10-20 17:29:11,094:INFO:Importing libraries
2021-10-20 17:29:11,094:INFO:Copying training dataset
2021-10-20 17:29:11,094:INFO:Defining folds
2021-10-20 17:29:11,094:INFO:Declaring metric variables
2021-10-20 17:29:11,101:INFO:Importing untrained model
2021-10-20 17:29:11,109:INFO:Gradient Boosting Classifier Imported succesfully
2021-10-20 17:29:11,124:INFO:Starting cross validation
2021-10-20 17:29:11,124:INFO:Cross validating with StratifiedKFold(n_splits=10, random_state=None, shuffle=False), n_jobs=-1
2021-10-20 17:29:12,608:INFO:Calculating mean and std
2021-10-20 17:29:12,610:INFO:Creating metrics dataframe
2021-10-20 17:29:12,616:INFO:Uploading results into container
2021-10-20 17:29:12,617:INFO:Uploading model into container now
2021-10-20 17:29:12,617:INFO:create_model_container: 10
2021-10-20 17:29:12,617:INFO:master_model_container: 10
2021-10-20 17:29:12,617:INFO:display_container: 2
2021-10-20 17:29:12,618:INFO:GradientBoostingClassifier(ccp_alpha=0.0, criterion='friedman_mse', init=None,
                           learning_rate=0.1, loss='deviance', max_depth=3,
                           max_features=None, max_leaf_nodes=None,
                           min_impurity_decrease=0.0, min_impurity_split=None,
                           min_samples_leaf=1, min_samples_split=2,
                           min_weight_fraction_leaf=0.0, n_estimators=100,
                           n_iter_no_change=None, presort='deprecated',
                           random_state=1621, subsample=1.0, tol=0.0001,
                           validation_fraction=0.1, verbose=0,
                           warm_start=False)
2021-10-20 17:29:12,618:INFO:create_model() succesfully completed......................................
2021-10-20 17:29:12,765:INFO:SubProcess create_model() end ==================================
2021-10-20 17:29:12,766:INFO:Creating metrics dataframe
2021-10-20 17:29:12,781:INFO:Initializing Linear Discriminant Analysis
2021-10-20 17:29:12,781:INFO:Total runtime is 0.20257989168167115 minutes
2021-10-20 17:29:12,789:INFO:SubProcess create_model() called ==================================
2021-10-20 17:29:12,789:INFO:Initializing create_model()
2021-10-20 17:29:12,789:INFO:create_model(estimator=lda, fold=StratifiedKFold(n_splits=10, random_state=None, shuffle=False), round=4, cross_validation=True, predict=True, fit_kwargs={}, groups=None, refit=False, verbose=False, system=False, metrics=None, add_to_model_list=True, display=<pycaret.internal.Display.Display object at 0x000001908479E730>, kwargs={})
2021-10-20 17:29:12,789:INFO:Checking exceptions
2021-10-20 17:29:12,789:INFO:Importing libraries
2021-10-20 17:29:12,789:INFO:Copying training dataset
2021-10-20 17:29:12,790:INFO:Defining folds
2021-10-20 17:29:12,790:INFO:Declaring metric variables
2021-10-20 17:29:12,798:INFO:Importing untrained model
2021-10-20 17:29:12,805:INFO:Linear Discriminant Analysis Imported succesfully
2021-10-20 17:29:12,820:INFO:Starting cross validation
2021-10-20 17:29:12,820:INFO:Cross validating with StratifiedKFold(n_splits=10, random_state=None, shuffle=False), n_jobs=-1
2021-10-20 17:29:12,876:INFO:Calculating mean and std
2021-10-20 17:29:12,877:INFO:Creating metrics dataframe
2021-10-20 17:29:12,881:INFO:Uploading results into container
2021-10-20 17:29:12,881:INFO:Uploading model into container now
2021-10-20 17:29:12,881:INFO:create_model_container: 11
2021-10-20 17:29:12,881:INFO:master_model_container: 11
2021-10-20 17:29:12,882:INFO:display_container: 2
2021-10-20 17:29:12,882:INFO:LinearDiscriminantAnalysis(n_components=None, priors=None, shrinkage=None,
                           solver='svd', store_covariance=False, tol=0.0001)
2021-10-20 17:29:12,882:INFO:create_model() succesfully completed......................................
2021-10-20 17:29:12,987:INFO:SubProcess create_model() end ==================================
2021-10-20 17:29:12,988:INFO:Creating metrics dataframe
2021-10-20 17:29:13,003:INFO:Initializing Extra Trees Classifier
2021-10-20 17:29:13,004:INFO:Total runtime is 0.20630375941594442 minutes
2021-10-20 17:29:13,010:INFO:SubProcess create_model() called ==================================
2021-10-20 17:29:13,010:INFO:Initializing create_model()
2021-10-20 17:29:13,010:INFO:create_model(estimator=et, fold=StratifiedKFold(n_splits=10, random_state=None, shuffle=False), round=4, cross_validation=True, predict=True, fit_kwargs={}, groups=None, refit=False, verbose=False, system=False, metrics=None, add_to_model_list=True, display=<pycaret.internal.Display.Display object at 0x000001908479E730>, kwargs={})
2021-10-20 17:29:13,010:INFO:Checking exceptions
2021-10-20 17:29:13,010:INFO:Importing libraries
2021-10-20 17:29:13,011:INFO:Copying training dataset
2021-10-20 17:29:13,011:INFO:Defining folds
2021-10-20 17:29:13,011:INFO:Declaring metric variables
2021-10-20 17:29:13,018:INFO:Importing untrained model
2021-10-20 17:29:13,025:INFO:Extra Trees Classifier Imported succesfully
2021-10-20 17:29:13,039:INFO:Starting cross validation
2021-10-20 17:29:13,039:INFO:Cross validating with StratifiedKFold(n_splits=10, random_state=None, shuffle=False), n_jobs=-1
2021-10-20 17:29:13,436:INFO:Calculating mean and std
2021-10-20 17:29:13,437:INFO:Creating metrics dataframe
2021-10-20 17:29:13,440:INFO:Uploading results into container
2021-10-20 17:29:13,440:INFO:Uploading model into container now
2021-10-20 17:29:13,440:INFO:create_model_container: 12
2021-10-20 17:29:13,440:INFO:master_model_container: 12
2021-10-20 17:29:13,440:INFO:display_container: 2
2021-10-20 17:29:13,441:INFO:ExtraTreesClassifier(bootstrap=False, ccp_alpha=0.0, class_weight=None,
                     criterion='gini', max_depth=None, max_features='auto',
                     max_leaf_nodes=None, max_samples=None,
                     min_impurity_decrease=0.0, min_impurity_split=None,
                     min_samples_leaf=1, min_samples_split=2,
                     min_weight_fraction_leaf=0.0, n_estimators=100, n_jobs=-1,
                     oob_score=False, random_state=1621, verbose=0,
                     warm_start=False)
2021-10-20 17:29:13,441:INFO:create_model() succesfully completed......................................
2021-10-20 17:29:13,535:INFO:SubProcess create_model() end ==================================
2021-10-20 17:29:13,535:INFO:Creating metrics dataframe
2021-10-20 17:29:13,550:INFO:Initializing Light Gradient Boosting Machine
2021-10-20 17:29:13,550:INFO:Total runtime is 0.21539603074391683 minutes
2021-10-20 17:29:13,557:INFO:SubProcess create_model() called ==================================
2021-10-20 17:29:13,558:INFO:Initializing create_model()
2021-10-20 17:29:13,558:INFO:create_model(estimator=lightgbm, fold=StratifiedKFold(n_splits=10, random_state=None, shuffle=False), round=4, cross_validation=True, predict=True, fit_kwargs={}, groups=None, refit=False, verbose=False, system=False, metrics=None, add_to_model_list=True, display=<pycaret.internal.Display.Display object at 0x000001908479E730>, kwargs={})
2021-10-20 17:29:13,558:INFO:Checking exceptions
2021-10-20 17:29:13,558:INFO:Importing libraries
2021-10-20 17:29:13,558:INFO:Copying training dataset
2021-10-20 17:29:13,559:INFO:Defining folds
2021-10-20 17:29:13,559:INFO:Declaring metric variables
2021-10-20 17:29:13,565:INFO:Importing untrained model
2021-10-20 17:29:13,572:INFO:Light Gradient Boosting Machine Imported succesfully
2021-10-20 17:29:13,585:INFO:Starting cross validation
2021-10-20 17:29:13,586:INFO:Cross validating with StratifiedKFold(n_splits=10, random_state=None, shuffle=False), n_jobs=-1
2021-10-20 17:29:14,254:INFO:Calculating mean and std
2021-10-20 17:29:14,256:INFO:Creating metrics dataframe
2021-10-20 17:29:14,264:INFO:Uploading results into container
2021-10-20 17:29:14,264:INFO:Uploading model into container now
2021-10-20 17:29:14,265:INFO:create_model_container: 13
2021-10-20 17:29:14,265:INFO:master_model_container: 13
2021-10-20 17:29:14,265:INFO:display_container: 2
2021-10-20 17:29:14,266:INFO:LGBMClassifier(boosting_type='gbdt', class_weight=None, colsample_bytree=1.0,
               importance_type='split', learning_rate=0.1, max_depth=-1,
               min_child_samples=20, min_child_weight=0.001, min_split_gain=0.0,
               n_estimators=100, n_jobs=-1, num_leaves=31, objective=None,
               random_state=1621, reg_alpha=0.0, reg_lambda=0.0, silent='warn',
               subsample=1.0, subsample_for_bin=200000, subsample_freq=0)
2021-10-20 17:29:14,266:INFO:create_model() succesfully completed......................................
2021-10-20 17:29:14,479:INFO:SubProcess create_model() end ==================================
2021-10-20 17:29:14,480:INFO:Creating metrics dataframe
2021-10-20 17:29:14,512:INFO:Initializing create_model()
2021-10-20 17:29:14,512:INFO:create_model(estimator=RandomForestClassifier(bootstrap=True, ccp_alpha=0.0, class_weight=None,
                       criterion='gini', max_depth=None, max_features='auto',
                       max_leaf_nodes=None, max_samples=None,
                       min_impurity_decrease=0.0, min_impurity_split=None,
                       min_samples_leaf=1, min_samples_split=2,
                       min_weight_fraction_leaf=0.0, n_estimators=100,
                       n_jobs=-1, oob_score=False, random_state=1621, verbose=0,
                       warm_start=False), fold=StratifiedKFold(n_splits=10, random_state=None, shuffle=False), round=4, cross_validation=False, predict=False, fit_kwargs={}, groups=None, refit=True, verbose=False, system=False, metrics=None, add_to_model_list=True, display=None, kwargs={})
2021-10-20 17:29:14,512:INFO:Checking exceptions
2021-10-20 17:29:14,512:INFO:Importing libraries
2021-10-20 17:29:14,512:INFO:Copying training dataset
2021-10-20 17:29:14,512:INFO:Defining folds
2021-10-20 17:29:14,513:INFO:Declaring metric variables
2021-10-20 17:29:14,513:INFO:Importing untrained model
2021-10-20 17:29:14,513:INFO:Declaring custom model
2021-10-20 17:29:14,513:INFO:Random Forest Classifier Imported succesfully
2021-10-20 17:29:14,514:INFO:Cross validation set to False
2021-10-20 17:29:14,514:INFO:Fitting Model
2021-10-20 17:29:14,699:INFO:RandomForestClassifier(bootstrap=True, ccp_alpha=0.0, class_weight=None,
                       criterion='gini', max_depth=None, max_features='auto',
                       max_leaf_nodes=None, max_samples=None,
                       min_impurity_decrease=0.0, min_impurity_split=None,
                       min_samples_leaf=1, min_samples_split=2,
                       min_weight_fraction_leaf=0.0, n_estimators=100,
                       n_jobs=-1, oob_score=False, random_state=1621, verbose=0,
                       warm_start=False)
2021-10-20 17:29:14,700:INFO:create_models() succesfully completed......................................
2021-10-20 17:29:14,828:INFO:create_model_container: 13
2021-10-20 17:29:14,828:INFO:master_model_container: 13
2021-10-20 17:29:14,828:INFO:display_container: 2
2021-10-20 17:29:14,829:INFO:RandomForestClassifier(bootstrap=True, ccp_alpha=0.0, class_weight=None,
                       criterion='gini', max_depth=None, max_features='auto',
                       max_leaf_nodes=None, max_samples=None,
                       min_impurity_decrease=0.0, min_impurity_split=None,
                       min_samples_leaf=1, min_samples_split=2,
                       min_weight_fraction_leaf=0.0, n_estimators=100,
                       n_jobs=-1, oob_score=False, random_state=1621, verbose=0,
                       warm_start=False)
2021-10-20 17:29:14,829:INFO:compare_models() succesfully completed......................................
2021-10-22 10:01:14,513:INFO:PyCaret Supervised Module
2021-10-22 10:01:14,514:INFO:ML Usecase: classification
2021-10-22 10:01:14,514:INFO:version 2.3.4
2021-10-22 10:01:14,514:INFO:Initializing setup()
2021-10-22 10:01:14,514:INFO:setup(target=target, ml_usecase=classification, available_plots={'parameter': 'Hyperparameters', 'auc': 'AUC', 'confusion_matrix': 'Confusion Matrix', 'threshold': 'Threshold', 'pr': 'Precision Recall', 'error': 'Prediction Error', 'class_report': 'Class Report', 'rfe': 'Feature Selection', 'learning': 'Learning Curve', 'manifold': 'Manifold Learning', 'calibration': 'Calibration Curve', 'vc': 'Validation Curve', 'dimension': 'Dimensions', 'feature': 'Feature Importance', 'feature_all': 'Feature Importance (All)', 'boundary': 'Decision Boundary', 'lift': 'Lift Chart', 'gain': 'Gain Chart', 'tree': 'Decision Tree', 'ks': 'KS Statistic Plot'}, train_size=0.7, test_data=None, preprocess=True, imputation_type=simple, iterative_imputation_iters=5, categorical_features=None, categorical_imputation=constant, categorical_iterative_imputer=lightgbm, ordinal_features=None, high_cardinality_features=None, high_cardinality_method=frequency, numeric_features=None, numeric_imputation=mean, numeric_iterative_imputer=lightgbm, date_features=None, ignore_features=None, normalize=False, normalize_method=zscore, transformation=False, transformation_method=yeo-johnson, handle_unknown_categorical=True, unknown_categorical_method=least_frequent, pca=False, pca_method=linear, pca_components=None, ignore_low_variance=False, combine_rare_levels=False, rare_level_threshold=0.1, bin_numeric_features=None, remove_outliers=False, outliers_threshold=0.05, remove_multicollinearity=False, multicollinearity_threshold=0.9, remove_perfect_collinearity=True, create_clusters=False, cluster_iter=20, polynomial_features=False, polynomial_degree=2, trigonometry_features=False, polynomial_threshold=0.1, group_features=None, group_names=None, feature_selection=False, feature_selection_threshold=0.8, feature_selection_method=classic, feature_interaction=False, feature_ratio=False, interaction_threshold=0.01, fix_imbalance=False, fix_imbalance_method=None, transform_target=False, transform_target_method=box-cox, data_split_shuffle=True, data_split_stratify=False, fold_strategy=stratifiedkfold, fold=10, fold_shuffle=False, fold_groups=None, n_jobs=-1, use_gpu=False, custom_pipeline=None, html=True, session_id=None, log_experiment=False, experiment_name=None, log_plots=False, log_profile=False, log_data=False, silent=False, verbose=True, profile=False, profile_kwargs=None, display=None)
2021-10-22 10:01:14,514:INFO:Checking environment
2021-10-22 10:01:14,514:INFO:python_version: 3.8.12
2021-10-22 10:01:14,514:INFO:python_build: ('default', 'Oct 12 2021 03:01:40')
2021-10-22 10:01:14,514:INFO:machine: AMD64
2021-10-22 10:01:14,514:INFO:platform: Windows-10-10.0.19042-SP0
2021-10-22 10:01:14,516:WARNING:cannot find psutil installation. memory not traceable. Install psutil using pip to enable memory logging.
2021-10-22 10:01:14,516:INFO:Checking libraries
2021-10-22 10:01:14,516:INFO:pd==1.3.3
2021-10-22 10:01:14,516:INFO:numpy==1.19.5
2021-10-22 10:01:14,516:INFO:sklearn==0.23.2
2021-10-22 10:01:14,516:INFO:lightgbm==3.3.0
2021-10-22 10:01:14,518:WARNING:catboost not found
2021-10-22 10:01:14,519:WARNING:xgboost not found
2021-10-22 10:01:15,322:INFO:mlflow==1.20.2
2021-10-22 10:01:15,322:INFO:Checking Exceptions
2021-10-22 10:01:15,322:INFO:Declaring global variables
2021-10-22 10:01:15,322:INFO:USI: 9db9
2021-10-22 10:01:15,322:INFO:pycaret_globals: {'USI', 'logging_param', 'exp_name_log', 'fold_shuffle_param', 'master_model_container', 'imputation_regressor', 'seed', 'imputation_classifier', 'experiment__', 'fold_groups_param', 'gpu_param', 'prep_pipe', 'fold_param', '_all_models_internal', 'X_test', 'y', 'X', 'fix_imbalance_param', 'fold_generator', 'y_train', 'y_test', 'display_container', 'fix_imbalance_method_param', 'data_before_preprocess', 'transform_target_param', 'iterative_imputation_iters_param', '_internal_pipeline', 'pycaret_globals', '_available_plots', 'log_plots_param', 'transform_target_method_param', 'html_param', '_all_models', 'n_jobs_param', '_all_metrics', 'X_train', 'target_param', 'fold_groups_param_full', '_gpu_n_jobs_param', '_ml_usecase', 'create_model_container', 'stratify_param'}
2021-10-22 10:01:15,322:INFO:Preparing display monitor
2021-10-22 10:01:15,322:INFO:Preparing display monitor
2021-10-22 10:01:15,332:INFO:Importing libraries
2021-10-22 10:01:15,332:INFO:Copying data for preprocessing
2021-10-22 10:01:15,338:INFO:Declaring preprocessing parameters
2021-10-22 10:01:15,339:INFO:Creating preprocessing pipeline
2021-10-22 10:01:15,344:INFO:Preprocessing pipeline created successfully
2021-10-22 10:01:15,344:ERROR:(Process Exit): setup has been interupted with user command 'quit'. setup must rerun.
2021-10-22 10:01:15,344:INFO:Creating global containers
2021-10-22 10:01:15,347:INFO:Internal pipeline: Pipeline(memory=None, steps=[('empty_step', 'passthrough')], verbose=False)
2021-10-22 10:01:17,111:WARNING:Couldn't import xgboost.XGBClassifier
2021-10-22 10:01:17,112:WARNING:Couldn't import catboost.CatBoostClassifier
2021-10-22 10:01:17,188:WARNING:Couldn't import xgboost.XGBClassifier
2021-10-22 10:01:17,189:WARNING:Couldn't import catboost.CatBoostClassifier
2021-10-22 10:01:17,189:INFO:Creating grid variables
2021-10-22 10:01:17,199:INFO:create_model_container: 0
2021-10-22 10:01:17,200:INFO:master_model_container: 0
2021-10-22 10:01:17,200:INFO:display_container: 1
2021-10-22 10:01:17,204:INFO:Pipeline(memory=None,
         steps=[('dtypes',
                 DataTypes_Auto_infer(categorical_features=[],
                                      display_types=True, features_todrop=[],
                                      id_columns=[],
                                      ml_usecase='classification',
                                      numerical_features=[], target='target',
                                      time_features=[])),
                ('imputer',
                 Simple_Imputer(categorical_strategy='not_available',
                                fill_value_categorical=None,
                                fill_value_numerical=None,
                                numeric_strat...
                ('scaling', 'passthrough'), ('P_transform', 'passthrough'),
                ('binn', 'passthrough'), ('rem_outliers', 'passthrough'),
                ('cluster_all', 'passthrough'),
                ('dummy', Dummify(target='target')),
                ('fix_perfect', Remove_100(target='target')),
                ('clean_names', Clean_Colum_Names()),
                ('feature_select', 'passthrough'), ('fix_multi', 'passthrough'),
                ('dfs', 'passthrough'), ('pca', 'passthrough')],
         verbose=False)
2021-10-22 10:01:17,205:INFO:setup() succesfully completed......................................
2021-10-22 10:01:25,963:INFO:Initializing compare_models()
2021-10-22 10:01:25,964:INFO:compare_models(include=None, fold=None, round=4, cross_validation=True, sort=Accuracy, n_select=1, budget_time=None, turbo=True, errors=ignore, fit_kwargs=None, groups=None, verbose=True, display=None, exclude=None)
2021-10-22 10:01:25,964:INFO:Checking exceptions
2021-10-22 10:01:25,965:INFO:Preparing display monitor
2021-10-22 10:01:25,965:INFO:Preparing display monitor
2021-10-22 10:01:25,986:INFO:Initializing Logistic Regression
2021-10-22 10:01:25,986:INFO:Total runtime is 0.0 minutes
2021-10-22 10:01:25,996:INFO:SubProcess create_model() called ==================================
2021-10-22 10:01:25,996:INFO:Initializing create_model()
2021-10-22 10:01:25,996:INFO:create_model(estimator=lr, fold=StratifiedKFold(n_splits=10, random_state=None, shuffle=False), round=4, cross_validation=True, predict=True, fit_kwargs={}, groups=None, refit=False, verbose=False, system=False, metrics=None, add_to_model_list=True, display=<pycaret.internal.Display.Display object at 0x0000023D8337E880>, kwargs={})
2021-10-22 10:01:25,996:INFO:Checking exceptions
2021-10-22 10:01:25,997:INFO:Importing libraries
2021-10-22 10:01:25,997:INFO:Copying training dataset
2021-10-22 10:01:25,997:INFO:Defining folds
2021-10-22 10:01:25,997:INFO:Declaring metric variables
2021-10-22 10:01:26,003:INFO:Importing untrained model
2021-10-22 10:01:26,012:INFO:Logistic Regression Imported succesfully
2021-10-22 10:01:26,029:INFO:Starting cross validation
2021-10-22 10:01:26,029:INFO:Cross validating with StratifiedKFold(n_splits=10, random_state=None, shuffle=False), n_jobs=-1
2021-10-22 10:01:30,571:INFO:Calculating mean and std
2021-10-22 10:01:30,573:INFO:Creating metrics dataframe
2021-10-22 10:01:30,580:INFO:Uploading results into container
2021-10-22 10:01:30,581:INFO:Uploading model into container now
2021-10-22 10:01:30,581:INFO:create_model_container: 1
2021-10-22 10:01:30,581:INFO:master_model_container: 1
2021-10-22 10:01:30,581:INFO:display_container: 2
2021-10-22 10:01:30,582:INFO:LogisticRegression(C=1.0, class_weight=None, dual=False, fit_intercept=True,
                   intercept_scaling=1, l1_ratio=None, max_iter=1000,
                   multi_class='auto', n_jobs=None, penalty='l2',
                   random_state=7200, solver='lbfgs', tol=0.0001, verbose=0,
                   warm_start=False)
2021-10-22 10:01:30,582:INFO:create_model() succesfully completed......................................
2021-10-22 10:01:30,786:INFO:SubProcess create_model() end ==================================
2021-10-22 10:01:30,786:INFO:Creating metrics dataframe
2021-10-22 10:01:30,800:INFO:Initializing K Neighbors Classifier
2021-10-22 10:01:30,800:INFO:Total runtime is 0.08023338715235392 minutes
2021-10-22 10:01:30,807:INFO:SubProcess create_model() called ==================================
2021-10-22 10:01:30,807:INFO:Initializing create_model()
2021-10-22 10:01:30,807:INFO:create_model(estimator=knn, fold=StratifiedKFold(n_splits=10, random_state=None, shuffle=False), round=4, cross_validation=True, predict=True, fit_kwargs={}, groups=None, refit=False, verbose=False, system=False, metrics=None, add_to_model_list=True, display=<pycaret.internal.Display.Display object at 0x0000023D8337E880>, kwargs={})
2021-10-22 10:01:30,808:INFO:Checking exceptions
2021-10-22 10:01:30,808:INFO:Importing libraries
2021-10-22 10:01:30,808:INFO:Copying training dataset
2021-10-22 10:01:30,808:INFO:Defining folds
2021-10-22 10:01:30,808:INFO:Declaring metric variables
2021-10-22 10:01:30,815:INFO:Importing untrained model
2021-10-22 10:01:30,821:INFO:K Neighbors Classifier Imported succesfully
2021-10-22 10:01:30,836:INFO:Starting cross validation
2021-10-22 10:01:30,836:INFO:Cross validating with StratifiedKFold(n_splits=10, random_state=None, shuffle=False), n_jobs=-1
2021-10-22 10:01:33,097:INFO:Calculating mean and std
2021-10-22 10:01:33,098:INFO:Creating metrics dataframe
2021-10-22 10:01:33,102:INFO:Uploading results into container
2021-10-22 10:01:33,102:INFO:Uploading model into container now
2021-10-22 10:01:33,102:INFO:create_model_container: 2
2021-10-22 10:01:33,102:INFO:master_model_container: 2
2021-10-22 10:01:33,103:INFO:display_container: 2
2021-10-22 10:01:33,103:INFO:KNeighborsClassifier(algorithm='auto', leaf_size=30, metric='minkowski',
                     metric_params=None, n_jobs=-1, n_neighbors=5, p=2,
                     weights='uniform')
2021-10-22 10:01:33,103:INFO:create_model() succesfully completed......................................
2021-10-22 10:01:33,248:INFO:SubProcess create_model() end ==================================
2021-10-22 10:01:33,248:INFO:Creating metrics dataframe
2021-10-22 10:01:33,262:INFO:Initializing Naive Bayes
2021-10-22 10:01:33,262:INFO:Total runtime is 0.12127068837483723 minutes
2021-10-22 10:01:33,268:INFO:SubProcess create_model() called ==================================
2021-10-22 10:01:33,268:INFO:Initializing create_model()
2021-10-22 10:01:33,268:INFO:create_model(estimator=nb, fold=StratifiedKFold(n_splits=10, random_state=None, shuffle=False), round=4, cross_validation=True, predict=True, fit_kwargs={}, groups=None, refit=False, verbose=False, system=False, metrics=None, add_to_model_list=True, display=<pycaret.internal.Display.Display object at 0x0000023D8337E880>, kwargs={})
2021-10-22 10:01:33,268:INFO:Checking exceptions
2021-10-22 10:01:33,268:INFO:Importing libraries
2021-10-22 10:01:33,268:INFO:Copying training dataset
2021-10-22 10:01:33,269:INFO:Defining folds
2021-10-22 10:01:33,269:INFO:Declaring metric variables
2021-10-22 10:01:33,276:INFO:Importing untrained model
2021-10-22 10:01:33,282:INFO:Naive Bayes Imported succesfully
2021-10-22 10:01:33,298:INFO:Starting cross validation
2021-10-22 10:01:33,298:INFO:Cross validating with StratifiedKFold(n_splits=10, random_state=None, shuffle=False), n_jobs=-1
2021-10-22 10:01:33,335:INFO:Calculating mean and std
2021-10-22 10:01:33,337:INFO:Creating metrics dataframe
2021-10-22 10:01:33,345:INFO:Uploading results into container
2021-10-22 10:01:33,346:INFO:Uploading model into container now
2021-10-22 10:01:33,346:INFO:create_model_container: 3
2021-10-22 10:01:33,346:INFO:master_model_container: 3
2021-10-22 10:01:33,346:INFO:display_container: 2
2021-10-22 10:01:33,347:INFO:GaussianNB(priors=None, var_smoothing=1e-09)
2021-10-22 10:01:33,347:INFO:create_model() succesfully completed......................................
2021-10-22 10:01:33,588:INFO:SubProcess create_model() end ==================================
2021-10-22 10:01:33,588:INFO:Creating metrics dataframe
2021-10-22 10:01:33,602:INFO:Initializing Decision Tree Classifier
2021-10-22 10:01:33,602:INFO:Total runtime is 0.12693742116292317 minutes
2021-10-22 10:01:33,608:INFO:SubProcess create_model() called ==================================
2021-10-22 10:01:33,609:INFO:Initializing create_model()
2021-10-22 10:01:33,609:INFO:create_model(estimator=dt, fold=StratifiedKFold(n_splits=10, random_state=None, shuffle=False), round=4, cross_validation=True, predict=True, fit_kwargs={}, groups=None, refit=False, verbose=False, system=False, metrics=None, add_to_model_list=True, display=<pycaret.internal.Display.Display object at 0x0000023D8337E880>, kwargs={})
2021-10-22 10:01:33,609:INFO:Checking exceptions
2021-10-22 10:01:33,609:INFO:Importing libraries
2021-10-22 10:01:33,609:INFO:Copying training dataset
2021-10-22 10:01:33,610:INFO:Defining folds
2021-10-22 10:01:33,610:INFO:Declaring metric variables
2021-10-22 10:01:33,616:INFO:Importing untrained model
2021-10-22 10:01:33,623:INFO:Decision Tree Classifier Imported succesfully
2021-10-22 10:01:33,637:INFO:Starting cross validation
2021-10-22 10:01:33,637:INFO:Cross validating with StratifiedKFold(n_splits=10, random_state=None, shuffle=False), n_jobs=-1
2021-10-22 10:01:33,672:INFO:Calculating mean and std
2021-10-22 10:01:33,672:INFO:Creating metrics dataframe
2021-10-22 10:01:33,678:INFO:Uploading results into container
2021-10-22 10:01:33,678:INFO:Uploading model into container now
2021-10-22 10:01:33,678:INFO:create_model_container: 4
2021-10-22 10:01:33,678:INFO:master_model_container: 4
2021-10-22 10:01:33,678:INFO:display_container: 2
2021-10-22 10:01:33,679:INFO:DecisionTreeClassifier(ccp_alpha=0.0, class_weight=None, criterion='gini',
                       max_depth=None, max_features=None, max_leaf_nodes=None,
                       min_impurity_decrease=0.0, min_impurity_split=None,
                       min_samples_leaf=1, min_samples_split=2,
                       min_weight_fraction_leaf=0.0, presort='deprecated',
                       random_state=7200, splitter='best')
2021-10-22 10:01:33,679:INFO:create_model() succesfully completed......................................
2021-10-22 10:01:33,796:INFO:SubProcess create_model() end ==================================
2021-10-22 10:01:33,796:INFO:Creating metrics dataframe
2021-10-22 10:01:33,810:INFO:Initializing SVM - Linear Kernel
2021-10-22 10:01:33,810:INFO:Total runtime is 0.13039470116297402 minutes
2021-10-22 10:01:33,817:INFO:SubProcess create_model() called ==================================
2021-10-22 10:01:33,817:INFO:Initializing create_model()
2021-10-22 10:01:33,817:INFO:create_model(estimator=svm, fold=StratifiedKFold(n_splits=10, random_state=None, shuffle=False), round=4, cross_validation=True, predict=True, fit_kwargs={}, groups=None, refit=False, verbose=False, system=False, metrics=None, add_to_model_list=True, display=<pycaret.internal.Display.Display object at 0x0000023D8337E880>, kwargs={})
2021-10-22 10:01:33,817:INFO:Checking exceptions
2021-10-22 10:01:33,817:INFO:Importing libraries
2021-10-22 10:01:33,817:INFO:Copying training dataset
2021-10-22 10:01:33,818:INFO:Defining folds
2021-10-22 10:01:33,818:INFO:Declaring metric variables
2021-10-22 10:01:33,824:INFO:Importing untrained model
2021-10-22 10:01:33,831:INFO:SVM - Linear Kernel Imported succesfully
2021-10-22 10:01:33,847:INFO:Starting cross validation
2021-10-22 10:01:33,847:INFO:Cross validating with StratifiedKFold(n_splits=10, random_state=None, shuffle=False), n_jobs=-1
2021-10-22 10:01:33,891:INFO:Calculating mean and std
2021-10-22 10:01:33,891:INFO:Creating metrics dataframe
2021-10-22 10:01:33,895:INFO:Uploading results into container
2021-10-22 10:01:33,895:INFO:Uploading model into container now
2021-10-22 10:01:33,895:INFO:create_model_container: 5
2021-10-22 10:01:33,895:INFO:master_model_container: 5
2021-10-22 10:01:33,895:INFO:display_container: 2
2021-10-22 10:01:33,895:INFO:SGDClassifier(alpha=0.0001, average=False, class_weight=None,
              early_stopping=False, epsilon=0.1, eta0=0.001, fit_intercept=True,
              l1_ratio=0.15, learning_rate='optimal', loss='hinge',
              max_iter=1000, n_iter_no_change=5, n_jobs=-1, penalty='l2',
              power_t=0.5, random_state=7200, shuffle=True, tol=0.001,
              validation_fraction=0.1, verbose=0, warm_start=False)
2021-10-22 10:01:33,896:INFO:create_model() succesfully completed......................................
2021-10-22 10:01:34,016:INFO:SubProcess create_model() end ==================================
2021-10-22 10:01:34,017:INFO:Creating metrics dataframe
2021-10-22 10:01:34,031:INFO:Initializing Ridge Classifier
2021-10-22 10:01:34,031:INFO:Total runtime is 0.13408939441045123 minutes
2021-10-22 10:01:34,038:INFO:SubProcess create_model() called ==================================
2021-10-22 10:01:34,038:INFO:Initializing create_model()
2021-10-22 10:01:34,038:INFO:create_model(estimator=ridge, fold=StratifiedKFold(n_splits=10, random_state=None, shuffle=False), round=4, cross_validation=True, predict=True, fit_kwargs={}, groups=None, refit=False, verbose=False, system=False, metrics=None, add_to_model_list=True, display=<pycaret.internal.Display.Display object at 0x0000023D8337E880>, kwargs={})
2021-10-22 10:01:34,038:INFO:Checking exceptions
2021-10-22 10:01:34,038:INFO:Importing libraries
2021-10-22 10:01:34,039:INFO:Copying training dataset
2021-10-22 10:01:34,039:INFO:Defining folds
2021-10-22 10:01:34,039:INFO:Declaring metric variables
2021-10-22 10:01:34,046:INFO:Importing untrained model
2021-10-22 10:01:34,052:INFO:Ridge Classifier Imported succesfully
2021-10-22 10:01:34,067:INFO:Starting cross validation
2021-10-22 10:01:34,067:INFO:Cross validating with StratifiedKFold(n_splits=10, random_state=None, shuffle=False), n_jobs=-1
2021-10-22 10:01:34,102:INFO:Calculating mean and std
2021-10-22 10:01:34,103:INFO:Creating metrics dataframe
2021-10-22 10:01:34,106:INFO:Uploading results into container
2021-10-22 10:01:34,106:INFO:Uploading model into container now
2021-10-22 10:01:34,106:INFO:create_model_container: 6
2021-10-22 10:01:34,107:INFO:master_model_container: 6
2021-10-22 10:01:34,107:INFO:display_container: 2
2021-10-22 10:01:34,107:INFO:RidgeClassifier(alpha=1.0, class_weight=None, copy_X=True, fit_intercept=True,
                max_iter=None, normalize=False, random_state=7200,
                solver='auto', tol=0.001)
2021-10-22 10:01:34,107:INFO:create_model() succesfully completed......................................
2021-10-22 10:01:34,226:INFO:SubProcess create_model() end ==================================
2021-10-22 10:01:34,226:INFO:Creating metrics dataframe
2021-10-22 10:01:34,240:INFO:Initializing Random Forest Classifier
2021-10-22 10:01:34,240:INFO:Total runtime is 0.13757632573445636 minutes
2021-10-22 10:01:34,246:INFO:SubProcess create_model() called ==================================
2021-10-22 10:01:34,247:INFO:Initializing create_model()
2021-10-22 10:01:34,247:INFO:create_model(estimator=rf, fold=StratifiedKFold(n_splits=10, random_state=None, shuffle=False), round=4, cross_validation=True, predict=True, fit_kwargs={}, groups=None, refit=False, verbose=False, system=False, metrics=None, add_to_model_list=True, display=<pycaret.internal.Display.Display object at 0x0000023D8337E880>, kwargs={})
2021-10-22 10:01:34,247:INFO:Checking exceptions
2021-10-22 10:01:34,247:INFO:Importing libraries
2021-10-22 10:01:34,247:INFO:Copying training dataset
2021-10-22 10:01:34,247:INFO:Defining folds
2021-10-22 10:01:34,248:INFO:Declaring metric variables
2021-10-22 10:01:34,254:INFO:Importing untrained model
2021-10-22 10:01:34,260:INFO:Random Forest Classifier Imported succesfully
2021-10-22 10:01:34,274:INFO:Starting cross validation
2021-10-22 10:01:34,274:INFO:Cross validating with StratifiedKFold(n_splits=10, random_state=None, shuffle=False), n_jobs=-1
2021-10-22 10:01:34,654:INFO:Calculating mean and std
2021-10-22 10:01:34,656:INFO:Creating metrics dataframe
2021-10-22 10:01:34,664:INFO:Uploading results into container
2021-10-22 10:01:34,665:INFO:Uploading model into container now
2021-10-22 10:01:34,665:INFO:create_model_container: 7
2021-10-22 10:01:34,665:INFO:master_model_container: 7
2021-10-22 10:01:34,665:INFO:display_container: 2
2021-10-22 10:01:34,666:INFO:RandomForestClassifier(bootstrap=True, ccp_alpha=0.0, class_weight=None,
                       criterion='gini', max_depth=None, max_features='auto',
                       max_leaf_nodes=None, max_samples=None,
                       min_impurity_decrease=0.0, min_impurity_split=None,
                       min_samples_leaf=1, min_samples_split=2,
                       min_weight_fraction_leaf=0.0, n_estimators=100,
                       n_jobs=-1, oob_score=False, random_state=7200, verbose=0,
                       warm_start=False)
2021-10-22 10:01:34,666:INFO:create_model() succesfully completed......................................
2021-10-22 10:01:34,891:INFO:SubProcess create_model() end ==================================
2021-10-22 10:01:34,891:INFO:Creating metrics dataframe
2021-10-22 10:01:34,906:INFO:Initializing Quadratic Discriminant Analysis
2021-10-22 10:01:34,906:INFO:Total runtime is 0.14866387049357094 minutes
2021-10-22 10:01:34,913:INFO:SubProcess create_model() called ==================================
2021-10-22 10:01:34,913:INFO:Initializing create_model()
2021-10-22 10:01:34,914:INFO:create_model(estimator=qda, fold=StratifiedKFold(n_splits=10, random_state=None, shuffle=False), round=4, cross_validation=True, predict=True, fit_kwargs={}, groups=None, refit=False, verbose=False, system=False, metrics=None, add_to_model_list=True, display=<pycaret.internal.Display.Display object at 0x0000023D8337E880>, kwargs={})
2021-10-22 10:01:34,914:INFO:Checking exceptions
2021-10-22 10:01:34,914:INFO:Importing libraries
2021-10-22 10:01:34,914:INFO:Copying training dataset
2021-10-22 10:01:34,914:INFO:Defining folds
2021-10-22 10:01:34,914:INFO:Declaring metric variables
2021-10-22 10:01:34,921:INFO:Importing untrained model
2021-10-22 10:01:34,927:INFO:Quadratic Discriminant Analysis Imported succesfully
2021-10-22 10:01:34,941:INFO:Starting cross validation
2021-10-22 10:01:34,942:INFO:Cross validating with StratifiedKFold(n_splits=10, random_state=None, shuffle=False), n_jobs=-1
2021-10-22 10:01:34,984:INFO:Calculating mean and std
2021-10-22 10:01:34,985:INFO:Creating metrics dataframe
2021-10-22 10:01:34,989:INFO:Uploading results into container
2021-10-22 10:01:34,989:INFO:Uploading model into container now
2021-10-22 10:01:34,989:INFO:create_model_container: 8
2021-10-22 10:01:34,989:INFO:master_model_container: 8
2021-10-22 10:01:34,989:INFO:display_container: 2
2021-10-22 10:01:34,989:INFO:QuadraticDiscriminantAnalysis(priors=None, reg_param=0.0,
                              store_covariance=False, tol=0.0001)
2021-10-22 10:01:34,989:INFO:create_model() succesfully completed......................................
2021-10-22 10:01:35,125:WARNING:create_model() for QuadraticDiscriminantAnalysis(priors=None, reg_param=0.0,
                              store_covariance=False, tol=0.0001) raised an exception or returned all 0.0, trying without fit_kwargs:
2021-10-22 10:01:35,130:WARNING:Traceback (most recent call last):
  File "c:\users\kcg\anaconda3\envs\pycaret\lib\site-packages\pycaret\internal\tabular.py", line 2179, in compare_models
    assert np.sum(model_results.iloc[0]) != 0.0
AssertionError

2021-10-22 10:01:35,130:INFO:Initializing create_model()
2021-10-22 10:01:35,130:INFO:create_model(estimator=QuadraticDiscriminantAnalysis(priors=None, reg_param=0.0,
                              store_covariance=False, tol=0.0001), fold=StratifiedKFold(n_splits=10, random_state=None, shuffle=False), round=4, cross_validation=True, predict=True, fit_kwargs=None, groups=None, refit=False, verbose=False, system=False, metrics=None, add_to_model_list=True, display=<pycaret.internal.Display.Display object at 0x0000023D8337E880>, kwargs={})
2021-10-22 10:01:35,130:INFO:Checking exceptions
2021-10-22 10:01:35,130:INFO:Importing libraries
2021-10-22 10:01:35,131:INFO:Copying training dataset
2021-10-22 10:01:35,131:INFO:Defining folds
2021-10-22 10:01:35,131:INFO:Declaring metric variables
2021-10-22 10:01:35,138:INFO:Importing untrained model
2021-10-22 10:01:35,138:INFO:Declaring custom model
2021-10-22 10:01:35,144:INFO:Quadratic Discriminant Analysis Imported succesfully
2021-10-22 10:01:35,157:INFO:Starting cross validation
2021-10-22 10:01:35,157:INFO:Cross validating with StratifiedKFold(n_splits=10, random_state=None, shuffle=False), n_jobs=-1
2021-10-22 10:01:35,189:INFO:Calculating mean and std
2021-10-22 10:01:35,190:INFO:Creating metrics dataframe
2021-10-22 10:01:35,193:INFO:Uploading results into container
2021-10-22 10:01:35,193:INFO:Uploading model into container now
2021-10-22 10:01:35,194:INFO:create_model_container: 9
2021-10-22 10:01:35,194:INFO:master_model_container: 9
2021-10-22 10:01:35,194:INFO:display_container: 2
2021-10-22 10:01:35,194:INFO:QuadraticDiscriminantAnalysis(priors=None, reg_param=0.0,
                              store_covariance=False, tol=0.0001)
2021-10-22 10:01:35,194:INFO:create_model() succesfully completed......................................
2021-10-22 10:01:35,310:ERROR:create_model() for QuadraticDiscriminantAnalysis(priors=None, reg_param=0.0,
                              store_covariance=False, tol=0.0001) raised an exception or returned all 0.0:
2021-10-22 10:01:35,311:ERROR:Traceback (most recent call last):
  File "c:\users\kcg\anaconda3\envs\pycaret\lib\site-packages\pycaret\internal\tabular.py", line 2179, in compare_models
    assert np.sum(model_results.iloc[0]) != 0.0
AssertionError

During handling of the above exception, another exception occurred:

Traceback (most recent call last):
  File "c:\users\kcg\anaconda3\envs\pycaret\lib\site-packages\pycaret\internal\tabular.py", line 2198, in compare_models
    assert np.sum(model_results.iloc[0]) != 0.0
AssertionError

2021-10-22 10:01:35,311:INFO:Initializing Ada Boost Classifier
2021-10-22 10:01:35,311:INFO:Total runtime is 0.15541872978210447 minutes
2021-10-22 10:01:35,317:INFO:SubProcess create_model() called ==================================
2021-10-22 10:01:35,317:INFO:Initializing create_model()
2021-10-22 10:01:35,317:INFO:create_model(estimator=ada, fold=StratifiedKFold(n_splits=10, random_state=None, shuffle=False), round=4, cross_validation=True, predict=True, fit_kwargs={}, groups=None, refit=False, verbose=False, system=False, metrics=None, add_to_model_list=True, display=<pycaret.internal.Display.Display object at 0x0000023D8337E880>, kwargs={})
2021-10-22 10:01:35,318:INFO:Checking exceptions
2021-10-22 10:01:35,318:INFO:Importing libraries
2021-10-22 10:01:35,318:INFO:Copying training dataset
2021-10-22 10:01:35,318:INFO:Defining folds
2021-10-22 10:01:35,318:INFO:Declaring metric variables
2021-10-22 10:01:35,324:INFO:Importing untrained model
2021-10-22 10:01:35,331:INFO:Ada Boost Classifier Imported succesfully
2021-10-22 10:01:35,345:INFO:Starting cross validation
2021-10-22 10:01:35,346:INFO:Cross validating with StratifiedKFold(n_splits=10, random_state=None, shuffle=False), n_jobs=-1
2021-10-22 10:01:35,533:INFO:Calculating mean and std
2021-10-22 10:01:35,534:INFO:Creating metrics dataframe
2021-10-22 10:01:35,537:INFO:Uploading results into container
2021-10-22 10:01:35,537:INFO:Uploading model into container now
2021-10-22 10:01:35,537:INFO:create_model_container: 10
2021-10-22 10:01:35,537:INFO:master_model_container: 10
2021-10-22 10:01:35,537:INFO:display_container: 2
2021-10-22 10:01:35,538:INFO:AdaBoostClassifier(algorithm='SAMME.R', base_estimator=None, learning_rate=1.0,
                   n_estimators=50, random_state=7200)
2021-10-22 10:01:35,538:INFO:create_model() succesfully completed......................................
2021-10-22 10:01:35,658:INFO:SubProcess create_model() end ==================================
2021-10-22 10:01:35,658:INFO:Creating metrics dataframe
2021-10-22 10:01:35,673:INFO:Initializing Gradient Boosting Classifier
2021-10-22 10:01:35,673:INFO:Total runtime is 0.16145207881927487 minutes
2021-10-22 10:01:35,679:INFO:SubProcess create_model() called ==================================
2021-10-22 10:01:35,680:INFO:Initializing create_model()
2021-10-22 10:01:35,680:INFO:create_model(estimator=gbc, fold=StratifiedKFold(n_splits=10, random_state=None, shuffle=False), round=4, cross_validation=True, predict=True, fit_kwargs={}, groups=None, refit=False, verbose=False, system=False, metrics=None, add_to_model_list=True, display=<pycaret.internal.Display.Display object at 0x0000023D8337E880>, kwargs={})
2021-10-22 10:01:35,680:INFO:Checking exceptions
2021-10-22 10:01:35,680:INFO:Importing libraries
2021-10-22 10:01:35,680:INFO:Copying training dataset
2021-10-22 10:01:35,681:INFO:Defining folds
2021-10-22 10:01:35,681:INFO:Declaring metric variables
2021-10-22 10:01:35,687:INFO:Importing untrained model
2021-10-22 10:01:35,694:INFO:Gradient Boosting Classifier Imported succesfully
2021-10-22 10:01:35,708:INFO:Starting cross validation
2021-10-22 10:01:35,710:INFO:Cross validating with StratifiedKFold(n_splits=10, random_state=None, shuffle=False), n_jobs=-1
2021-10-22 10:01:35,995:INFO:Calculating mean and std
2021-10-22 10:01:35,997:INFO:Creating metrics dataframe
2021-10-22 10:01:36,002:INFO:Uploading results into container
2021-10-22 10:01:36,002:INFO:Uploading model into container now
2021-10-22 10:01:36,002:INFO:create_model_container: 11
2021-10-22 10:01:36,002:INFO:master_model_container: 11
2021-10-22 10:01:36,003:INFO:display_container: 2
2021-10-22 10:01:36,003:INFO:GradientBoostingClassifier(ccp_alpha=0.0, criterion='friedman_mse', init=None,
                           learning_rate=0.1, loss='deviance', max_depth=3,
                           max_features=None, max_leaf_nodes=None,
                           min_impurity_decrease=0.0, min_impurity_split=None,
                           min_samples_leaf=1, min_samples_split=2,
                           min_weight_fraction_leaf=0.0, n_estimators=100,
                           n_iter_no_change=None, presort='deprecated',
                           random_state=7200, subsample=1.0, tol=0.0001,
                           validation_fraction=0.1, verbose=0,
                           warm_start=False)
2021-10-22 10:01:36,003:INFO:create_model() succesfully completed......................................
2021-10-22 10:01:36,215:INFO:SubProcess create_model() end ==================================
2021-10-22 10:01:36,215:INFO:Creating metrics dataframe
2021-10-22 10:01:36,230:INFO:Initializing Linear Discriminant Analysis
2021-10-22 10:01:36,230:INFO:Total runtime is 0.1707439104715983 minutes
2021-10-22 10:01:36,237:INFO:SubProcess create_model() called ==================================
2021-10-22 10:01:36,239:INFO:Initializing create_model()
2021-10-22 10:01:36,239:INFO:create_model(estimator=lda, fold=StratifiedKFold(n_splits=10, random_state=None, shuffle=False), round=4, cross_validation=True, predict=True, fit_kwargs={}, groups=None, refit=False, verbose=False, system=False, metrics=None, add_to_model_list=True, display=<pycaret.internal.Display.Display object at 0x0000023D8337E880>, kwargs={})
2021-10-22 10:01:36,239:INFO:Checking exceptions
2021-10-22 10:01:36,239:INFO:Importing libraries
2021-10-22 10:01:36,239:INFO:Copying training dataset
2021-10-22 10:01:36,239:INFO:Defining folds
2021-10-22 10:01:36,239:INFO:Declaring metric variables
2021-10-22 10:01:36,245:INFO:Importing untrained model
2021-10-22 10:01:36,252:INFO:Linear Discriminant Analysis Imported succesfully
2021-10-22 10:01:36,268:INFO:Starting cross validation
2021-10-22 10:01:36,268:INFO:Cross validating with StratifiedKFold(n_splits=10, random_state=None, shuffle=False), n_jobs=-1
2021-10-22 10:01:36,303:INFO:Calculating mean and std
2021-10-22 10:01:36,304:INFO:Creating metrics dataframe
2021-10-22 10:01:36,310:INFO:Uploading results into container
2021-10-22 10:01:36,311:INFO:Uploading model into container now
2021-10-22 10:01:36,311:INFO:create_model_container: 12
2021-10-22 10:01:36,311:INFO:master_model_container: 12
2021-10-22 10:01:36,311:INFO:display_container: 2
2021-10-22 10:01:36,311:INFO:LinearDiscriminantAnalysis(n_components=None, priors=None, shrinkage=None,
                           solver='svd', store_covariance=False, tol=0.0001)
2021-10-22 10:01:36,311:INFO:create_model() succesfully completed......................................
2021-10-22 10:01:36,471:INFO:SubProcess create_model() end ==================================
2021-10-22 10:01:36,471:INFO:Creating metrics dataframe
2021-10-22 10:01:36,487:INFO:Initializing Extra Trees Classifier
2021-10-22 10:01:36,487:INFO:Total runtime is 0.17501582702000934 minutes
2021-10-22 10:01:36,494:INFO:SubProcess create_model() called ==================================
2021-10-22 10:01:36,494:INFO:Initializing create_model()
2021-10-22 10:01:36,494:INFO:create_model(estimator=et, fold=StratifiedKFold(n_splits=10, random_state=None, shuffle=False), round=4, cross_validation=True, predict=True, fit_kwargs={}, groups=None, refit=False, verbose=False, system=False, metrics=None, add_to_model_list=True, display=<pycaret.internal.Display.Display object at 0x0000023D8337E880>, kwargs={})
2021-10-22 10:01:36,494:INFO:Checking exceptions
2021-10-22 10:01:36,494:INFO:Importing libraries
2021-10-22 10:01:36,494:INFO:Copying training dataset
2021-10-22 10:01:36,495:INFO:Defining folds
2021-10-22 10:01:36,495:INFO:Declaring metric variables
2021-10-22 10:01:36,501:INFO:Importing untrained model
2021-10-22 10:01:36,508:INFO:Extra Trees Classifier Imported succesfully
2021-10-22 10:01:36,530:INFO:Starting cross validation
2021-10-22 10:01:36,531:INFO:Cross validating with StratifiedKFold(n_splits=10, random_state=None, shuffle=False), n_jobs=-1
2021-10-22 10:01:36,837:INFO:Calculating mean and std
2021-10-22 10:01:36,838:INFO:Creating metrics dataframe
2021-10-22 10:01:36,841:INFO:Uploading results into container
2021-10-22 10:01:36,841:INFO:Uploading model into container now
2021-10-22 10:01:36,841:INFO:create_model_container: 13
2021-10-22 10:01:36,841:INFO:master_model_container: 13
2021-10-22 10:01:36,841:INFO:display_container: 2
2021-10-22 10:01:36,842:INFO:ExtraTreesClassifier(bootstrap=False, ccp_alpha=0.0, class_weight=None,
                     criterion='gini', max_depth=None, max_features='auto',
                     max_leaf_nodes=None, max_samples=None,
                     min_impurity_decrease=0.0, min_impurity_split=None,
                     min_samples_leaf=1, min_samples_split=2,
                     min_weight_fraction_leaf=0.0, n_estimators=100, n_jobs=-1,
                     oob_score=False, random_state=7200, verbose=0,
                     warm_start=False)
2021-10-22 10:01:36,842:INFO:create_model() succesfully completed......................................
2021-10-22 10:01:36,961:INFO:SubProcess create_model() end ==================================
2021-10-22 10:01:36,961:INFO:Creating metrics dataframe
2021-10-22 10:01:36,977:INFO:Initializing Light Gradient Boosting Machine
2021-10-22 10:01:36,977:INFO:Total runtime is 0.1831777215003967 minutes
2021-10-22 10:01:36,983:INFO:SubProcess create_model() called ==================================
2021-10-22 10:01:36,984:INFO:Initializing create_model()
2021-10-22 10:01:36,984:INFO:create_model(estimator=lightgbm, fold=StratifiedKFold(n_splits=10, random_state=None, shuffle=False), round=4, cross_validation=True, predict=True, fit_kwargs={}, groups=None, refit=False, verbose=False, system=False, metrics=None, add_to_model_list=True, display=<pycaret.internal.Display.Display object at 0x0000023D8337E880>, kwargs={})
2021-10-22 10:01:36,984:INFO:Checking exceptions
2021-10-22 10:01:36,984:INFO:Importing libraries
2021-10-22 10:01:36,984:INFO:Copying training dataset
2021-10-22 10:01:36,985:INFO:Defining folds
2021-10-22 10:01:36,985:INFO:Declaring metric variables
2021-10-22 10:01:36,992:INFO:Importing untrained model
2021-10-22 10:01:36,998:INFO:Light Gradient Boosting Machine Imported succesfully
2021-10-22 10:01:37,013:INFO:Starting cross validation
2021-10-22 10:01:37,013:INFO:Cross validating with StratifiedKFold(n_splits=10, random_state=None, shuffle=False), n_jobs=-1
2021-10-22 10:01:37,165:INFO:Calculating mean and std
2021-10-22 10:01:37,166:INFO:Creating metrics dataframe
2021-10-22 10:01:37,170:INFO:Uploading results into container
2021-10-22 10:01:37,170:INFO:Uploading model into container now
2021-10-22 10:01:37,170:INFO:create_model_container: 14
2021-10-22 10:01:37,170:INFO:master_model_container: 14
2021-10-22 10:01:37,170:INFO:display_container: 2
2021-10-22 10:01:37,171:INFO:LGBMClassifier(boosting_type='gbdt', class_weight=None, colsample_bytree=1.0,
               importance_type='split', learning_rate=0.1, max_depth=-1,
               min_child_samples=20, min_child_weight=0.001, min_split_gain=0.0,
               n_estimators=100, n_jobs=-1, num_leaves=31, objective=None,
               random_state=7200, reg_alpha=0.0, reg_lambda=0.0, silent='warn',
               subsample=1.0, subsample_for_bin=200000, subsample_freq=0)
2021-10-22 10:01:37,171:INFO:create_model() succesfully completed......................................
2021-10-22 10:01:37,377:INFO:SubProcess create_model() end ==================================
2021-10-22 10:01:37,377:INFO:Creating metrics dataframe
2021-10-22 10:01:37,408:INFO:Initializing create_model()
2021-10-22 10:01:37,408:INFO:create_model(estimator=LogisticRegression(C=1.0, class_weight=None, dual=False, fit_intercept=True,
                   intercept_scaling=1, l1_ratio=None, max_iter=1000,
                   multi_class='auto', n_jobs=None, penalty='l2',
                   random_state=7200, solver='lbfgs', tol=0.0001, verbose=0,
                   warm_start=False), fold=StratifiedKFold(n_splits=10, random_state=None, shuffle=False), round=4, cross_validation=False, predict=False, fit_kwargs={}, groups=None, refit=True, verbose=False, system=False, metrics=None, add_to_model_list=True, display=None, kwargs={})
2021-10-22 10:01:37,408:INFO:Checking exceptions
2021-10-22 10:01:37,408:INFO:Importing libraries
2021-10-22 10:01:37,408:INFO:Copying training dataset
2021-10-22 10:01:37,408:INFO:Defining folds
2021-10-22 10:01:37,408:INFO:Declaring metric variables
2021-10-22 10:01:37,409:INFO:Importing untrained model
2021-10-22 10:01:37,409:INFO:Declaring custom model
2021-10-22 10:01:37,409:INFO:Logistic Regression Imported succesfully
2021-10-22 10:01:37,409:INFO:Cross validation set to False
2021-10-22 10:01:37,409:INFO:Fitting Model
2021-10-22 10:01:37,488:INFO:LogisticRegression(C=1.0, class_weight=None, dual=False, fit_intercept=True,
                   intercept_scaling=1, l1_ratio=None, max_iter=1000,
                   multi_class='auto', n_jobs=None, penalty='l2',
                   random_state=7200, solver='lbfgs', tol=0.0001, verbose=0,
                   warm_start=False)
2021-10-22 10:01:37,488:INFO:create_models() succesfully completed......................................
2021-10-22 10:01:37,634:INFO:create_model_container: 14
2021-10-22 10:01:37,634:INFO:master_model_container: 14
2021-10-22 10:01:37,634:INFO:display_container: 2
2021-10-22 10:01:37,634:INFO:LogisticRegression(C=1.0, class_weight=None, dual=False, fit_intercept=True,
                   intercept_scaling=1, l1_ratio=None, max_iter=1000,
                   multi_class='auto', n_jobs=None, penalty='l2',
                   random_state=7200, solver='lbfgs', tol=0.0001, verbose=0,
                   warm_start=False)
2021-10-22 10:01:37,634:INFO:compare_models() succesfully completed......................................
